[2020-12-10 06:23:50] local.ERROR: Symfony\Component\Debug\Exception\FatalThrowableError: Class 'App\Models\UserJob' not found in C:\xampp\htdocs\lumen\ddsbe2\app\Http\Controllers\UserJobController.php:21
Stack trace:
#0 [internal function]: App\Http\Controllers\UserJobController->index()
#1 C:\xampp\htdocs\lumen\ddsbe2\vendor\illuminate\container\BoundMethod.php(32): call_user_func_array(Array, Array)
#2 C:\xampp\htdocs\lumen\ddsbe2\vendor\illuminate\container\BoundMethod.php(90): Illuminate\Container\BoundMethod::Illuminate\Container\{closure}()
#3 C:\xampp\htdocs\lumen\ddsbe2\vendor\illuminate\container\BoundMethod.php(34): Illuminate\Container\BoundMethod::callBoundMethod(Object(Laravel\Lumen\Application), Array, Object(Closure))
#4 C:\xampp\htdocs\lumen\ddsbe2\vendor\illuminate\container\Container.php(576): Illuminate\Container\BoundMethod::call(Object(Laravel\Lumen\Application), Array, Array, NULL)
#5 C:\xampp\htdocs\lumen\ddsbe2\vendor\laravel\lumen-framework\src\Concerns\RoutesRequests.php(376): Illuminate\Container\Container->call(Array, Array)
#6 C:\xampp\htdocs\lumen\ddsbe2\vendor\laravel\lumen-framework\src\Concerns\RoutesRequests.php(342): Laravel\Lumen\Application->callControllerCallable(Array, Array)
#7 C:\xampp\htdocs\lumen\ddsbe2\vendor\laravel\lumen-framework\src\Concerns\RoutesRequests.php(316): Laravel\Lumen\Application->callLumenController(Object(App\Http\Controllers\UserJobController), 'index', Array)
#8 C:\xampp\htdocs\lumen\ddsbe2\vendor\laravel\lumen-framework\src\Concerns\RoutesRequests.php(278): Laravel\Lumen\Application->callControllerAction(Array)
#9 C:\xampp\htdocs\lumen\ddsbe2\vendor\laravel\lumen-framework\src\Concerns\RoutesRequests.php(263): Laravel\Lumen\Application->callActionOnArrayBasedRoute(Array)
#10 C:\xampp\htdocs\lumen\ddsbe2\vendor\laravel\lumen-framework\src\Concerns\RoutesRequests.php(165): Laravel\Lumen\Application->handleFoundRoute(Array)
#11 C:\xampp\htdocs\lumen\ddsbe2\vendor\laravel\lumen-framework\src\Concerns\RoutesRequests.php(416): Laravel\Lumen\Application->Laravel\Lumen\Concerns\{closure}(Object(Laravel\Lumen\Http\Request))
#12 C:\xampp\htdocs\lumen\ddsbe2\vendor\laravel\lumen-framework\src\Concerns\RoutesRequests.php(171): Laravel\Lumen\Application->sendThroughPipeline(Array, Object(Closure))
#13 C:\xampp\htdocs\lumen\ddsbe2\vendor\laravel\lumen-framework\src\Concerns\RoutesRequests.php(108): Laravel\Lumen\Application->dispatch(NULL)
#14 C:\xampp\htdocs\lumen\ddsbe2\public\index.php(28): Laravel\Lumen\Application->run()
#15 {main} {"exception":"[object] (Symfony\\Component\\Debug\\Exception\\FatalThrowableError(code: 0): Class 'App\\Models\\UserJob' not found at C:\\xampp\\htdocs\\lumen\\ddsbe2\\app\\Http\\Controllers\\UserJobController.php:21)
[stacktrace]
#0 [internal function]: App\\Http\\Controllers\\UserJobController->index()
#1 C:\\xampp\\htdocs\\lumen\\ddsbe2\\vendor\\illuminate\\container\\BoundMethod.php(32): call_user_func_array(Array, Array)
#2 C:\\xampp\\htdocs\\lumen\\ddsbe2\\vendor\\illuminate\\container\\BoundMethod.php(90): Illuminate\\Container\\BoundMethod::Illuminate\\Container\\{closure}()
#3 C:\\xampp\\htdocs\\lumen\\ddsbe2\\vendor\\illuminate\\container\\BoundMethod.php(34): Illuminate\\Container\\BoundMethod::callBoundMethod(Object(Laravel\\Lumen\\Application), Array, Object(Closure))
#4 C:\\xampp\\htdocs\\lumen\\ddsbe2\\vendor\\illuminate\\container\\Container.php(576): Illuminate\\Container\\BoundMethod::call(Object(Laravel\\Lumen\\Application), Array, Array, NULL)
#5 C:\\xampp\\htdocs\\lumen\\ddsbe2\\vendor\\laravel\\lumen-framework\\src\\Concerns\\RoutesRequests.php(376): Illuminate\\Container\\Container->call(Array, Array)
#6 C:\\xampp\\htdocs\\lumen\\ddsbe2\\vendor\\laravel\\lumen-framework\\src\\Concerns\\RoutesRequests.php(342): Laravel\\Lumen\\Application->callControllerCallable(Array, Array)
#7 C:\\xampp\\htdocs\\lumen\\ddsbe2\\vendor\\laravel\\lumen-framework\\src\\Concerns\\RoutesRequests.php(316): Laravel\\Lumen\\Application->callLumenController(Object(App\\Http\\Controllers\\UserJobController), 'index', Array)
#8 C:\\xampp\\htdocs\\lumen\\ddsbe2\\vendor\\laravel\\lumen-framework\\src\\Concerns\\RoutesRequests.php(278): Laravel\\Lumen\\Application->callControllerAction(Array)
#9 C:\\xampp\\htdocs\\lumen\\ddsbe2\\vendor\\laravel\\lumen-framework\\src\\Concerns\\RoutesRequests.php(263): Laravel\\Lumen\\Application->callActionOnArrayBasedRoute(Array)
#10 C:\\xampp\\htdocs\\lumen\\ddsbe2\\vendor\\laravel\\lumen-framework\\src\\Concerns\\RoutesRequests.php(165): Laravel\\Lumen\\Application->handleFoundRoute(Array)
#11 C:\\xampp\\htdocs\\lumen\\ddsbe2\\vendor\\laravel\\lumen-framework\\src\\Concerns\\RoutesRequests.php(416): Laravel\\Lumen\\Application->Laravel\\Lumen\\Concerns\\{closure}(Object(Laravel\\Lumen\\Http\\Request))
#12 C:\\xampp\\htdocs\\lumen\\ddsbe2\\vendor\\laravel\\lumen-framework\\src\\Concerns\\RoutesRequests.php(171): Laravel\\Lumen\\Application->sendThroughPipeline(Array, Object(Closure))
#13 C:\\xampp\\htdocs\\lumen\\ddsbe2\\vendor\\laravel\\lumen-framework\\src\\Concerns\\RoutesRequests.php(108): Laravel\\Lumen\\Application->dispatch(NULL)
#14 C:\\xampp\\htdocs\\lumen\\ddsbe2\\public\\index.php(28): Laravel\\Lumen\\Application->run()
#15 {main}
"} 
[2020-12-10 06:33:37] local.ERROR: Symfony\Component\Debug\Exception\FatalThrowableError: Call to undefined method App\Exceptions\Handler::errorResponse() in C:\xampp\htdocs\lumen\ddsbe2\app\Exceptions\Handler.php:65
Stack trace:
#0 C:\xampp\htdocs\lumen\ddsbe2\vendor\laravel\lumen-framework\src\Concerns\RegistersExceptionHandlers.php(105): App\Exceptions\Handler->render(Object(Laravel\Lumen\Http\Request), Object(Illuminate\Validation\ValidationException))
#1 C:\xampp\htdocs\lumen\ddsbe2\vendor\laravel\lumen-framework\src\Concerns\RoutesRequests.php(173): Laravel\Lumen\Application->sendExceptionToHandler(Object(Illuminate\Validation\ValidationException))
#2 C:\xampp\htdocs\lumen\ddsbe2\vendor\laravel\lumen-framework\src\Concerns\RoutesRequests.php(108): Laravel\Lumen\Application->dispatch(NULL)
#3 C:\xampp\htdocs\lumen\ddsbe2\public\index.php(28): Laravel\Lumen\Application->run()
#4 {main} {"exception":"[object] (Symfony\\Component\\Debug\\Exception\\FatalThrowableError(code: 0): Call to undefined method App\\Exceptions\\Handler::errorResponse() at C:\\xampp\\htdocs\\lumen\\ddsbe2\\app\\Exceptions\\Handler.php:65)
[stacktrace]
#0 C:\\xampp\\htdocs\\lumen\\ddsbe2\\vendor\\laravel\\lumen-framework\\src\\Concerns\\RegistersExceptionHandlers.php(105): App\\Exceptions\\Handler->render(Object(Laravel\\Lumen\\Http\\Request), Object(Illuminate\\Validation\\ValidationException))
#1 C:\\xampp\\htdocs\\lumen\\ddsbe2\\vendor\\laravel\\lumen-framework\\src\\Concerns\\RoutesRequests.php(173): Laravel\\Lumen\\Application->sendExceptionToHandler(Object(Illuminate\\Validation\\ValidationException))
#2 C:\\xampp\\htdocs\\lumen\\ddsbe2\\vendor\\laravel\\lumen-framework\\src\\Concerns\\RoutesRequests.php(108): Laravel\\Lumen\\Application->dispatch(NULL)
#3 C:\\xampp\\htdocs\\lumen\\ddsbe2\\public\\index.php(28): Laravel\\Lumen\\Application->run()
#4 {main}
"} 
[2020-12-10 06:33:44] local.ERROR: PDOException: SQLSTATE[42S22]: Column not found: 1054 Unknown column 'tbluserjob.id' in 'where clause' in C:\xampp\htdocs\lumen\ddsbe2\vendor\illuminate\database\Connection.php:326
Stack trace:
#0 C:\xampp\htdocs\lumen\ddsbe2\vendor\illuminate\database\Connection.php(326): PDO->prepare('select * from `...')
#1 C:\xampp\htdocs\lumen\ddsbe2\vendor\illuminate\database\Connection.php(657): Illuminate\Database\Connection->Illuminate\Database\{closure}('select * from `...', Array)
#2 C:\xampp\htdocs\lumen\ddsbe2\vendor\illuminate\database\Connection.php(624): Illuminate\Database\Connection->runQueryCallback('select * from `...', Array, Object(Closure))
#3 C:\xampp\htdocs\lumen\ddsbe2\vendor\illuminate\database\Connection.php(333): Illuminate\Database\Connection->run('select * from `...', Array, Object(Closure))
#4 C:\xampp\htdocs\lumen\ddsbe2\vendor\illuminate\database\Query\Builder.php(2130): Illuminate\Database\Connection->select('select * from `...', Array, true)
#5 C:\xampp\htdocs\lumen\ddsbe2\vendor\illuminate\database\Query\Builder.php(2118): Illuminate\Database\Query\Builder->runSelect()
#6 C:\xampp\htdocs\lumen\ddsbe2\vendor\illuminate\database\Query\Builder.php(2604): Illuminate\Database\Query\Builder->Illuminate\Database\Query\{closure}()
#7 C:\xampp\htdocs\lumen\ddsbe2\vendor\illuminate\database\Query\Builder.php(2119): Illuminate\Database\Query\Builder->onceWithColumns(Array, Object(Closure))
#8 C:\xampp\htdocs\lumen\ddsbe2\vendor\illuminate\database\Eloquent\Builder.php(521): Illuminate\Database\Query\Builder->get(Array)
#9 C:\xampp\htdocs\lumen\ddsbe2\vendor\illuminate\database\Eloquent\Builder.php(505): Illuminate\Database\Eloquent\Builder->getModels(Array)
#10 C:\xampp\htdocs\lumen\ddsbe2\vendor\illuminate\database\Concerns\BuildsQueries.php(77): Illuminate\Database\Eloquent\Builder->get(Array)
#11 C:\xampp\htdocs\lumen\ddsbe2\vendor\illuminate\database\Eloquent\Builder.php(329): Illuminate\Database\Eloquent\Builder->first(Array)
#12 C:\xampp\htdocs\lumen\ddsbe2\vendor\illuminate\database\Eloquent\Builder.php(361): Illuminate\Database\Eloquent\Builder->find('1', Array)
#13 C:\xampp\htdocs\lumen\ddsbe2\vendor\illuminate\support\Traits\ForwardsCalls.php(23): Illuminate\Database\Eloquent\Builder->findOrFail('1')
#14 C:\xampp\htdocs\lumen\ddsbe2\vendor\illuminate\database\Eloquent\Model.php(1618): Illuminate\Database\Eloquent\Model->forwardCallTo(Object(Illuminate\Database\Eloquent\Builder), 'findOrFail', Array)
#15 C:\xampp\htdocs\lumen\ddsbe2\vendor\illuminate\database\Eloquent\Model.php(1630): Illuminate\Database\Eloquent\Model->__call('findOrFail', Array)
#16 C:\xampp\htdocs\lumen\ddsbe2\app\Http\Controllers\UserController.php(110): Illuminate\Database\Eloquent\Model::__callStatic('findOrFail', Array)
#17 [internal function]: App\Http\Controllers\UserController->addUser(Object(Laravel\Lumen\Http\Request))
#18 C:\xampp\htdocs\lumen\ddsbe2\vendor\illuminate\container\BoundMethod.php(32): call_user_func_array(Array, Array)
#19 C:\xampp\htdocs\lumen\ddsbe2\vendor\illuminate\container\BoundMethod.php(90): Illuminate\Container\BoundMethod::Illuminate\Container\{closure}()
#20 C:\xampp\htdocs\lumen\ddsbe2\vendor\illuminate\container\BoundMethod.php(34): Illuminate\Container\BoundMethod::callBoundMethod(Object(Laravel\Lumen\Application), Array, Object(Closure))
#21 C:\xampp\htdocs\lumen\ddsbe2\vendor\illuminate\container\Container.php(576): Illuminate\Container\BoundMethod::call(Object(Laravel\Lumen\Application), Array, Array, NULL)
#22 C:\xampp\htdocs\lumen\ddsbe2\vendor\laravel\lumen-framework\src\Concerns\RoutesRequests.php(376): Illuminate\Container\Container->call(Array, Array)
#23 C:\xampp\htdocs\lumen\ddsbe2\vendor\laravel\lumen-framework\src\Concerns\RoutesRequests.php(342): Laravel\Lumen\Application->callControllerCallable(Array, Array)
#24 C:\xampp\htdocs\lumen\ddsbe2\vendor\laravel\lumen-framework\src\Concerns\RoutesRequests.php(316): Laravel\Lumen\Application->callLumenController(Object(App\Http\Controllers\UserController), 'addUser', Array)
#25 C:\xampp\htdocs\lumen\ddsbe2\vendor\laravel\lumen-framework\src\Concerns\RoutesRequests.php(278): Laravel\Lumen\Application->callControllerAction(Array)
#26 C:\xampp\htdocs\lumen\ddsbe2\vendor\laravel\lumen-framework\src\Concerns\RoutesRequests.php(263): Laravel\Lumen\Application->callActionOnArrayBasedRoute(Array)
#27 C:\xampp\htdocs\lumen\ddsbe2\vendor\laravel\lumen-framework\src\Concerns\RoutesRequests.php(165): Laravel\Lumen\Application->handleFoundRoute(Array)
#28 C:\xampp\htdocs\lumen\ddsbe2\vendor\laravel\lumen-framework\src\Concerns\RoutesRequests.php(416): Laravel\Lumen\Application->Laravel\Lumen\Concerns\{closure}(Object(Laravel\Lumen\Http\Request))
#29 C:\xampp\htdocs\lumen\ddsbe2\vendor\laravel\lumen-framework\src\Concerns\RoutesRequests.php(171): Laravel\Lumen\Application->sendThroughPipeline(Array, Object(Closure))
#30 C:\xampp\htdocs\lumen\ddsbe2\vendor\laravel\lumen-framework\src\Concerns\RoutesRequests.php(108): Laravel\Lumen\Application->dispatch(NULL)
#31 C:\xampp\htdocs\lumen\ddsbe2\public\index.php(28): Laravel\Lumen\Application->run()
#32 {main}

Next Illuminate\Database\QueryException: SQLSTATE[42S22]: Column not found: 1054 Unknown column 'tbluserjob.id' in 'where clause' (SQL: select * from `tbluserjob` where `tbluserjob`.`id` = 1 limit 1) in C:\xampp\htdocs\lumen\ddsbe2\vendor\illuminate\database\Connection.php:664
Stack trace:
#0 C:\xampp\htdocs\lumen\ddsbe2\vendor\illuminate\database\Connection.php(624): Illuminate\Database\Connection->runQueryCallback('select * from `...', Array, Object(Closure))
#1 C:\xampp\htdocs\lumen\ddsbe2\vendor\illuminate\database\Connection.php(333): Illuminate\Database\Connection->run('select * from `...', Array, Object(Closure))
#2 C:\xampp\htdocs\lumen\ddsbe2\vendor\illuminate\database\Query\Builder.php(2130): Illuminate\Database\Connection->select('select * from `...', Array, true)
#3 C:\xampp\htdocs\lumen\ddsbe2\vendor\illuminate\database\Query\Builder.php(2118): Illuminate\Database\Query\Builder->runSelect()
#4 C:\xampp\htdocs\lumen\ddsbe2\vendor\illuminate\database\Query\Builder.php(2604): Illuminate\Database\Query\Builder->Illuminate\Database\Query\{closure}()
#5 C:\xampp\htdocs\lumen\ddsbe2\vendor\illuminate\database\Query\Builder.php(2119): Illuminate\Database\Query\Builder->onceWithColumns(Array, Object(Closure))
#6 C:\xampp\htdocs\lumen\ddsbe2\vendor\illuminate\database\Eloquent\Builder.php(521): Illuminate\Database\Query\Builder->get(Array)
#7 C:\xampp\htdocs\lumen\ddsbe2\vendor\illuminate\database\Eloquent\Builder.php(505): Illuminate\Database\Eloquent\Builder->getModels(Array)
#8 C:\xampp\htdocs\lumen\ddsbe2\vendor\illuminate\database\Concerns\BuildsQueries.php(77): Illuminate\Database\Eloquent\Builder->get(Array)
#9 C:\xampp\htdocs\lumen\ddsbe2\vendor\illuminate\database\Eloquent\Builder.php(329): Illuminate\Database\Eloquent\Builder->first(Array)
#10 C:\xampp\htdocs\lumen\ddsbe2\vendor\illuminate\database\Eloquent\Builder.php(361): Illuminate\Database\Eloquent\Builder->find('1', Array)
#11 C:\xampp\htdocs\lumen\ddsbe2\vendor\illuminate\support\Traits\ForwardsCalls.php(23): Illuminate\Database\Eloquent\Builder->findOrFail('1')
#12 C:\xampp\htdocs\lumen\ddsbe2\vendor\illuminate\database\Eloquent\Model.php(1618): Illuminate\Database\Eloquent\Model->forwardCallTo(Object(Illuminate\Database\Eloquent\Builder), 'findOrFail', Array)
#13 C:\xampp\htdocs\lumen\ddsbe2\vendor\illuminate\database\Eloquent\Model.php(1630): Illuminate\Database\Eloquent\Model->__call('findOrFail', Array)
#14 C:\xampp\htdocs\lumen\ddsbe2\app\Http\Controllers\UserController.php(110): Illuminate\Database\Eloquent\Model::__callStatic('findOrFail', Array)
#15 [internal function]: App\Http\Controllers\UserController->addUser(Object(Laravel\Lumen\Http\Request))
#16 C:\xampp\htdocs\lumen\ddsbe2\vendor\illuminate\container\BoundMethod.php(32): call_user_func_array(Array, Array)
#17 C:\xampp\htdocs\lumen\ddsbe2\vendor\illuminate\container\BoundMethod.php(90): Illuminate\Container\BoundMethod::Illuminate\Container\{closure}()
#18 C:\xampp\htdocs\lumen\ddsbe2\vendor\illuminate\container\BoundMethod.php(34): Illuminate\Container\BoundMethod::callBoundMethod(Object(Laravel\Lumen\Application), Array, Object(Closure))
#19 C:\xampp\htdocs\lumen\ddsbe2\vendor\illuminate\container\Container.php(576): Illuminate\Container\BoundMethod::call(Object(Laravel\Lumen\Application), Array, Array, NULL)
#20 C:\xampp\htdocs\lumen\ddsbe2\vendor\laravel\lumen-framework\src\Concerns\RoutesRequests.php(376): Illuminate\Container\Container->call(Array, Array)
#21 C:\xampp\htdocs\lumen\ddsbe2\vendor\laravel\lumen-framework\src\Concerns\RoutesRequests.php(342): Laravel\Lumen\Application->callControllerCallable(Array, Array)
#22 C:\xampp\htdocs\lumen\ddsbe2\vendor\laravel\lumen-framework\src\Concerns\RoutesRequests.php(316): Laravel\Lumen\Application->callLumenController(Object(App\Http\Controllers\UserController), 'addUser', Array)
#23 C:\xampp\htdocs\lumen\ddsbe2\vendor\laravel\lumen-framework\src\Concerns\RoutesRequests.php(278): Laravel\Lumen\Application->callControllerAction(Array)
#24 C:\xampp\htdocs\lumen\ddsbe2\vendor\laravel\lumen-framework\src\Concerns\RoutesRequests.php(263): Laravel\Lumen\Application->callActionOnArrayBasedRoute(Array)
#25 C:\xampp\htdocs\lumen\ddsbe2\vendor\laravel\lumen-framework\src\Concerns\RoutesRequests.php(165): Laravel\Lumen\Application->handleFoundRoute(Array)
#26 C:\xampp\htdocs\lumen\ddsbe2\vendor\laravel\lumen-framework\src\Concerns\RoutesRequests.php(416): Laravel\Lumen\Application->Laravel\Lumen\Concerns\{closure}(Object(Laravel\Lumen\Http\Request))
#27 C:\xampp\htdocs\lumen\ddsbe2\vendor\laravel\lumen-framework\src\Concerns\RoutesRequests.php(171): Laravel\Lumen\Application->sendThroughPipeline(Array, Object(Closure))
#28 C:\xampp\htdocs\lumen\ddsbe2\vendor\laravel\lumen-framework\src\Concerns\RoutesRequests.php(108): Laravel\Lumen\Application->dispatch(NULL)
#29 C:\xampp\htdocs\lumen\ddsbe2\public\index.php(28): Laravel\Lumen\Application->run()
#30 {main} {"exception":"[object] (Illuminate\\Database\\QueryException(code: 42S22): SQLSTATE[42S22]: Column not found: 1054 Unknown column 'tbluserjob.id' in 'where clause' (SQL: select * from `tbluserjob` where `tbluserjob`.`id` = 1 limit 1) at C:\\xampp\\htdocs\\lumen\\ddsbe2\\vendor\\illuminate\\database\\Connection.php:664, PDOException(code: 42S22): SQLSTATE[42S22]: Column not found: 1054 Unknown column 'tbluserjob.id' in 'where clause' at C:\\xampp\\htdocs\\lumen\\ddsbe2\\vendor\\illuminate\\database\\Connection.php:326)
[stacktrace]
#0 C:\\xampp\\htdocs\\lumen\\ddsbe2\\vendor\\illuminate\\database\\Connection.php(624): Illuminate\\Database\\Connection->runQueryCallback('select * from `...', Array, Object(Closure))
#1 C:\\xampp\\htdocs\\lumen\\ddsbe2\\vendor\\illuminate\\database\\Connection.php(333): Illuminate\\Database\\Connection->run('select * from `...', Array, Object(Closure))
#2 C:\\xampp\\htdocs\\lumen\\ddsbe2\\vendor\\illuminate\\database\\Query\\Builder.php(2130): Illuminate\\Database\\Connection->select('select * from `...', Array, true)
#3 C:\\xampp\\htdocs\\lumen\\ddsbe2\\vendor\\illuminate\\database\\Query\\Builder.php(2118): Illuminate\\Database\\Query\\Builder->runSelect()
#4 C:\\xampp\\htdocs\\lumen\\ddsbe2\\vendor\\illuminate\\database\\Query\\Builder.php(2604): Illuminate\\Database\\Query\\Builder->Illuminate\\Database\\Query\\{closure}()
#5 C:\\xampp\\htdocs\\lumen\\ddsbe2\\vendor\\illuminate\\database\\Query\\Builder.php(2119): Illuminate\\Database\\Query\\Builder->onceWithColumns(Array, Object(Closure))
#6 C:\\xampp\\htdocs\\lumen\\ddsbe2\\vendor\\illuminate\\database\\Eloquent\\Builder.php(521): Illuminate\\Database\\Query\\Builder->get(Array)
#7 C:\\xampp\\htdocs\\lumen\\ddsbe2\\vendor\\illuminate\\database\\Eloquent\\Builder.php(505): Illuminate\\Database\\Eloquent\\Builder->getModels(Array)
#8 C:\\xampp\\htdocs\\lumen\\ddsbe2\\vendor\\illuminate\\database\\Concerns\\BuildsQueries.php(77): Illuminate\\Database\\Eloquent\\Builder->get(Array)
#9 C:\\xampp\\htdocs\\lumen\\ddsbe2\\vendor\\illuminate\\database\\Eloquent\\Builder.php(329): Illuminate\\Database\\Eloquent\\Builder->first(Array)
#10 C:\\xampp\\htdocs\\lumen\\ddsbe2\\vendor\\illuminate\\database\\Eloquent\\Builder.php(361): Illuminate\\Database\\Eloquent\\Builder->find('1', Array)
#11 C:\\xampp\\htdocs\\lumen\\ddsbe2\\vendor\\illuminate\\support\\Traits\\ForwardsCalls.php(23): Illuminate\\Database\\Eloquent\\Builder->findOrFail('1')
#12 C:\\xampp\\htdocs\\lumen\\ddsbe2\\vendor\\illuminate\\database\\Eloquent\\Model.php(1618): Illuminate\\Database\\Eloquent\\Model->forwardCallTo(Object(Illuminate\\Database\\Eloquent\\Builder), 'findOrFail', Array)
#13 C:\\xampp\\htdocs\\lumen\\ddsbe2\\vendor\\illuminate\\database\\Eloquent\\Model.php(1630): Illuminate\\Database\\Eloquent\\Model->__call('findOrFail', Array)
#14 C:\\xampp\\htdocs\\lumen\\ddsbe2\\app\\Http\\Controllers\\UserController.php(110): Illuminate\\Database\\Eloquent\\Model::__callStatic('findOrFail', Array)
#15 [internal function]: App\\Http\\Controllers\\UserController->addUser(Object(Laravel\\Lumen\\Http\\Request))
#16 C:\\xampp\\htdocs\\lumen\\ddsbe2\\vendor\\illuminate\\container\\BoundMethod.php(32): call_user_func_array(Array, Array)
#17 C:\\xampp\\htdocs\\lumen\\ddsbe2\\vendor\\illuminate\\container\\BoundMethod.php(90): Illuminate\\Container\\BoundMethod::Illuminate\\Container\\{closure}()
#18 C:\\xampp\\htdocs\\lumen\\ddsbe2\\vendor\\illuminate\\container\\BoundMethod.php(34): Illuminate\\Container\\BoundMethod::callBoundMethod(Object(Laravel\\Lumen\\Application), Array, Object(Closure))
#19 C:\\xampp\\htdocs\\lumen\\ddsbe2\\vendor\\illuminate\\container\\Container.php(576): Illuminate\\Container\\BoundMethod::call(Object(Laravel\\Lumen\\Application), Array, Array, NULL)
#20 C:\\xampp\\htdocs\\lumen\\ddsbe2\\vendor\\laravel\\lumen-framework\\src\\Concerns\\RoutesRequests.php(376): Illuminate\\Container\\Container->call(Array, Array)
#21 C:\\xampp\\htdocs\\lumen\\ddsbe2\\vendor\\laravel\\lumen-framework\\src\\Concerns\\RoutesRequests.php(342): Laravel\\Lumen\\Application->callControllerCallable(Array, Array)
#22 C:\\xampp\\htdocs\\lumen\\ddsbe2\\vendor\\laravel\\lumen-framework\\src\\Concerns\\RoutesRequests.php(316): Laravel\\Lumen\\Application->callLumenController(Object(App\\Http\\Controllers\\UserController), 'addUser', Array)
#23 C:\\xampp\\htdocs\\lumen\\ddsbe2\\vendor\\laravel\\lumen-framework\\src\\Concerns\\RoutesRequests.php(278): Laravel\\Lumen\\Application->callControllerAction(Array)
#24 C:\\xampp\\htdocs\\lumen\\ddsbe2\\vendor\\laravel\\lumen-framework\\src\\Concerns\\RoutesRequests.php(263): Laravel\\Lumen\\Application->callActionOnArrayBasedRoute(Array)
#25 C:\\xampp\\htdocs\\lumen\\ddsbe2\\vendor\\laravel\\lumen-framework\\src\\Concerns\\RoutesRequests.php(165): Laravel\\Lumen\\Application->handleFoundRoute(Array)
#26 C:\\xampp\\htdocs\\lumen\\ddsbe2\\vendor\\laravel\\lumen-framework\\src\\Concerns\\RoutesRequests.php(416): Laravel\\Lumen\\Application->Laravel\\Lumen\\Concerns\\{closure}(Object(Laravel\\Lumen\\Http\\Request))
#27 C:\\xampp\\htdocs\\lumen\\ddsbe2\\vendor\\laravel\\lumen-framework\\src\\Concerns\\RoutesRequests.php(171): Laravel\\Lumen\\Application->sendThroughPipeline(Array, Object(Closure))
#28 C:\\xampp\\htdocs\\lumen\\ddsbe2\\vendor\\laravel\\lumen-framework\\src\\Concerns\\RoutesRequests.php(108): Laravel\\Lumen\\Application->dispatch(NULL)
#29 C:\\xampp\\htdocs\\lumen\\ddsbe2\\public\\index.php(28): Laravel\\Lumen\\Application->run()
#30 {main}
"} 
[2020-12-10 06:34:08] local.ERROR: Symfony\Component\Debug\Exception\FatalThrowableError: Call to undefined method App\Exceptions\Handler::errorResponse() in C:\xampp\htdocs\lumen\ddsbe2\app\Exceptions\Handler.php:65
Stack trace:
#0 C:\xampp\htdocs\lumen\ddsbe2\vendor\laravel\lumen-framework\src\Concerns\RegistersExceptionHandlers.php(105): App\Exceptions\Handler->render(Object(Laravel\Lumen\Http\Request), Object(Illuminate\Validation\ValidationException))
#1 C:\xampp\htdocs\lumen\ddsbe2\vendor\laravel\lumen-framework\src\Concerns\RoutesRequests.php(173): Laravel\Lumen\Application->sendExceptionToHandler(Object(Illuminate\Validation\ValidationException))
#2 C:\xampp\htdocs\lumen\ddsbe2\vendor\laravel\lumen-framework\src\Concerns\RoutesRequests.php(108): Laravel\Lumen\Application->dispatch(NULL)
#3 C:\xampp\htdocs\lumen\ddsbe2\public\index.php(28): Laravel\Lumen\Application->run()
#4 {main} {"exception":"[object] (Symfony\\Component\\Debug\\Exception\\FatalThrowableError(code: 0): Call to undefined method App\\Exceptions\\Handler::errorResponse() at C:\\xampp\\htdocs\\lumen\\ddsbe2\\app\\Exceptions\\Handler.php:65)
[stacktrace]
#0 C:\\xampp\\htdocs\\lumen\\ddsbe2\\vendor\\laravel\\lumen-framework\\src\\Concerns\\RegistersExceptionHandlers.php(105): App\\Exceptions\\Handler->render(Object(Laravel\\Lumen\\Http\\Request), Object(Illuminate\\Validation\\ValidationException))
#1 C:\\xampp\\htdocs\\lumen\\ddsbe2\\vendor\\laravel\\lumen-framework\\src\\Concerns\\RoutesRequests.php(173): Laravel\\Lumen\\Application->sendExceptionToHandler(Object(Illuminate\\Validation\\ValidationException))
#2 C:\\xampp\\htdocs\\lumen\\ddsbe2\\vendor\\laravel\\lumen-framework\\src\\Concerns\\RoutesRequests.php(108): Laravel\\Lumen\\Application->dispatch(NULL)
#3 C:\\xampp\\htdocs\\lumen\\ddsbe2\\public\\index.php(28): Laravel\\Lumen\\Application->run()
#4 {main}
"} 
[2020-12-10 06:35:28] local.ERROR: PDOException: SQLSTATE[42S22]: Column not found: 1054 Unknown column 'tbluserjob.id' in 'where clause' in C:\xampp\htdocs\lumen\ddsbe2\vendor\illuminate\database\Connection.php:326
Stack trace:
#0 C:\xampp\htdocs\lumen\ddsbe2\vendor\illuminate\database\Connection.php(326): PDO->prepare('select * from `...')
#1 C:\xampp\htdocs\lumen\ddsbe2\vendor\illuminate\database\Connection.php(657): Illuminate\Database\Connection->Illuminate\Database\{closure}('select * from `...', Array)
#2 C:\xampp\htdocs\lumen\ddsbe2\vendor\illuminate\database\Connection.php(624): Illuminate\Database\Connection->runQueryCallback('select * from `...', Array, Object(Closure))
#3 C:\xampp\htdocs\lumen\ddsbe2\vendor\illuminate\database\Connection.php(333): Illuminate\Database\Connection->run('select * from `...', Array, Object(Closure))
#4 C:\xampp\htdocs\lumen\ddsbe2\vendor\illuminate\database\Query\Builder.php(2130): Illuminate\Database\Connection->select('select * from `...', Array, true)
#5 C:\xampp\htdocs\lumen\ddsbe2\vendor\illuminate\database\Query\Builder.php(2118): Illuminate\Database\Query\Builder->runSelect()
#6 C:\xampp\htdocs\lumen\ddsbe2\vendor\illuminate\database\Query\Builder.php(2604): Illuminate\Database\Query\Builder->Illuminate\Database\Query\{closure}()
#7 C:\xampp\htdocs\lumen\ddsbe2\vendor\illuminate\database\Query\Builder.php(2119): Illuminate\Database\Query\Builder->onceWithColumns(Array, Object(Closure))
#8 C:\xampp\htdocs\lumen\ddsbe2\vendor\illuminate\database\Eloquent\Builder.php(521): Illuminate\Database\Query\Builder->get(Array)
#9 C:\xampp\htdocs\lumen\ddsbe2\vendor\illuminate\database\Eloquent\Builder.php(505): Illuminate\Database\Eloquent\Builder->getModels(Array)
#10 C:\xampp\htdocs\lumen\ddsbe2\vendor\illuminate\database\Concerns\BuildsQueries.php(77): Illuminate\Database\Eloquent\Builder->get(Array)
#11 C:\xampp\htdocs\lumen\ddsbe2\vendor\illuminate\database\Eloquent\Builder.php(329): Illuminate\Database\Eloquent\Builder->first(Array)
#12 C:\xampp\htdocs\lumen\ddsbe2\vendor\illuminate\database\Eloquent\Builder.php(361): Illuminate\Database\Eloquent\Builder->find('2', Array)
#13 C:\xampp\htdocs\lumen\ddsbe2\vendor\illuminate\support\Traits\ForwardsCalls.php(23): Illuminate\Database\Eloquent\Builder->findOrFail('2')
#14 C:\xampp\htdocs\lumen\ddsbe2\vendor\illuminate\database\Eloquent\Model.php(1618): Illuminate\Database\Eloquent\Model->forwardCallTo(Object(Illuminate\Database\Eloquent\Builder), 'findOrFail', Array)
#15 C:\xampp\htdocs\lumen\ddsbe2\vendor\illuminate\database\Eloquent\Model.php(1630): Illuminate\Database\Eloquent\Model->__call('findOrFail', Array)
#16 C:\xampp\htdocs\lumen\ddsbe2\app\Http\Controllers\UserController.php(110): Illuminate\Database\Eloquent\Model::__callStatic('findOrFail', Array)
#17 [internal function]: App\Http\Controllers\UserController->addUser(Object(Laravel\Lumen\Http\Request))
#18 C:\xampp\htdocs\lumen\ddsbe2\vendor\illuminate\container\BoundMethod.php(32): call_user_func_array(Array, Array)
#19 C:\xampp\htdocs\lumen\ddsbe2\vendor\illuminate\container\BoundMethod.php(90): Illuminate\Container\BoundMethod::Illuminate\Container\{closure}()
#20 C:\xampp\htdocs\lumen\ddsbe2\vendor\illuminate\container\BoundMethod.php(34): Illuminate\Container\BoundMethod::callBoundMethod(Object(Laravel\Lumen\Application), Array, Object(Closure))
#21 C:\xampp\htdocs\lumen\ddsbe2\vendor\illuminate\container\Container.php(576): Illuminate\Container\BoundMethod::call(Object(Laravel\Lumen\Application), Array, Array, NULL)
#22 C:\xampp\htdocs\lumen\ddsbe2\vendor\laravel\lumen-framework\src\Concerns\RoutesRequests.php(376): Illuminate\Container\Container->call(Array, Array)
#23 C:\xampp\htdocs\lumen\ddsbe2\vendor\laravel\lumen-framework\src\Concerns\RoutesRequests.php(342): Laravel\Lumen\Application->callControllerCallable(Array, Array)
#24 C:\xampp\htdocs\lumen\ddsbe2\vendor\laravel\lumen-framework\src\Concerns\RoutesRequests.php(316): Laravel\Lumen\Application->callLumenController(Object(App\Http\Controllers\UserController), 'addUser', Array)
#25 C:\xampp\htdocs\lumen\ddsbe2\vendor\laravel\lumen-framework\src\Concerns\RoutesRequests.php(278): Laravel\Lumen\Application->callControllerAction(Array)
#26 C:\xampp\htdocs\lumen\ddsbe2\vendor\laravel\lumen-framework\src\Concerns\RoutesRequests.php(263): Laravel\Lumen\Application->callActionOnArrayBasedRoute(Array)
#27 C:\xampp\htdocs\lumen\ddsbe2\vendor\laravel\lumen-framework\src\Concerns\RoutesRequests.php(165): Laravel\Lumen\Application->handleFoundRoute(Array)
#28 C:\xampp\htdocs\lumen\ddsbe2\vendor\laravel\lumen-framework\src\Concerns\RoutesRequests.php(416): Laravel\Lumen\Application->Laravel\Lumen\Concerns\{closure}(Object(Laravel\Lumen\Http\Request))
#29 C:\xampp\htdocs\lumen\ddsbe2\vendor\laravel\lumen-framework\src\Concerns\RoutesRequests.php(171): Laravel\Lumen\Application->sendThroughPipeline(Array, Object(Closure))
#30 C:\xampp\htdocs\lumen\ddsbe2\vendor\laravel\lumen-framework\src\Concerns\RoutesRequests.php(108): Laravel\Lumen\Application->dispatch(NULL)
#31 C:\xampp\htdocs\lumen\ddsbe2\public\index.php(28): Laravel\Lumen\Application->run()
#32 {main}

Next Illuminate\Database\QueryException: SQLSTATE[42S22]: Column not found: 1054 Unknown column 'tbluserjob.id' in 'where clause' (SQL: select * from `tbluserjob` where `tbluserjob`.`id` = 2 limit 1) in C:\xampp\htdocs\lumen\ddsbe2\vendor\illuminate\database\Connection.php:664
Stack trace:
#0 C:\xampp\htdocs\lumen\ddsbe2\vendor\illuminate\database\Connection.php(624): Illuminate\Database\Connection->runQueryCallback('select * from `...', Array, Object(Closure))
#1 C:\xampp\htdocs\lumen\ddsbe2\vendor\illuminate\database\Connection.php(333): Illuminate\Database\Connection->run('select * from `...', Array, Object(Closure))
#2 C:\xampp\htdocs\lumen\ddsbe2\vendor\illuminate\database\Query\Builder.php(2130): Illuminate\Database\Connection->select('select * from `...', Array, true)
#3 C:\xampp\htdocs\lumen\ddsbe2\vendor\illuminate\database\Query\Builder.php(2118): Illuminate\Database\Query\Builder->runSelect()
#4 C:\xampp\htdocs\lumen\ddsbe2\vendor\illuminate\database\Query\Builder.php(2604): Illuminate\Database\Query\Builder->Illuminate\Database\Query\{closure}()
#5 C:\xampp\htdocs\lumen\ddsbe2\vendor\illuminate\database\Query\Builder.php(2119): Illuminate\Database\Query\Builder->onceWithColumns(Array, Object(Closure))
#6 C:\xampp\htdocs\lumen\ddsbe2\vendor\illuminate\database\Eloquent\Builder.php(521): Illuminate\Database\Query\Builder->get(Array)
#7 C:\xampp\htdocs\lumen\ddsbe2\vendor\illuminate\database\Eloquent\Builder.php(505): Illuminate\Database\Eloquent\Builder->getModels(Array)
#8 C:\xampp\htdocs\lumen\ddsbe2\vendor\illuminate\database\Concerns\BuildsQueries.php(77): Illuminate\Database\Eloquent\Builder->get(Array)
#9 C:\xampp\htdocs\lumen\ddsbe2\vendor\illuminate\database\Eloquent\Builder.php(329): Illuminate\Database\Eloquent\Builder->first(Array)
#10 C:\xampp\htdocs\lumen\ddsbe2\vendor\illuminate\database\Eloquent\Builder.php(361): Illuminate\Database\Eloquent\Builder->find('2', Array)
#11 C:\xampp\htdocs\lumen\ddsbe2\vendor\illuminate\support\Traits\ForwardsCalls.php(23): Illuminate\Database\Eloquent\Builder->findOrFail('2')
#12 C:\xampp\htdocs\lumen\ddsbe2\vendor\illuminate\database\Eloquent\Model.php(1618): Illuminate\Database\Eloquent\Model->forwardCallTo(Object(Illuminate\Database\Eloquent\Builder), 'findOrFail', Array)
#13 C:\xampp\htdocs\lumen\ddsbe2\vendor\illuminate\database\Eloquent\Model.php(1630): Illuminate\Database\Eloquent\Model->__call('findOrFail', Array)
#14 C:\xampp\htdocs\lumen\ddsbe2\app\Http\Controllers\UserController.php(110): Illuminate\Database\Eloquent\Model::__callStatic('findOrFail', Array)
#15 [internal function]: App\Http\Controllers\UserController->addUser(Object(Laravel\Lumen\Http\Request))
#16 C:\xampp\htdocs\lumen\ddsbe2\vendor\illuminate\container\BoundMethod.php(32): call_user_func_array(Array, Array)
#17 C:\xampp\htdocs\lumen\ddsbe2\vendor\illuminate\container\BoundMethod.php(90): Illuminate\Container\BoundMethod::Illuminate\Container\{closure}()
#18 C:\xampp\htdocs\lumen\ddsbe2\vendor\illuminate\container\BoundMethod.php(34): Illuminate\Container\BoundMethod::callBoundMethod(Object(Laravel\Lumen\Application), Array, Object(Closure))
#19 C:\xampp\htdocs\lumen\ddsbe2\vendor\illuminate\container\Container.php(576): Illuminate\Container\BoundMethod::call(Object(Laravel\Lumen\Application), Array, Array, NULL)
#20 C:\xampp\htdocs\lumen\ddsbe2\vendor\laravel\lumen-framework\src\Concerns\RoutesRequests.php(376): Illuminate\Container\Container->call(Array, Array)
#21 C:\xampp\htdocs\lumen\ddsbe2\vendor\laravel\lumen-framework\src\Concerns\RoutesRequests.php(342): Laravel\Lumen\Application->callControllerCallable(Array, Array)
#22 C:\xampp\htdocs\lumen\ddsbe2\vendor\laravel\lumen-framework\src\Concerns\RoutesRequests.php(316): Laravel\Lumen\Application->callLumenController(Object(App\Http\Controllers\UserController), 'addUser', Array)
#23 C:\xampp\htdocs\lumen\ddsbe2\vendor\laravel\lumen-framework\src\Concerns\RoutesRequests.php(278): Laravel\Lumen\Application->callControllerAction(Array)
#24 C:\xampp\htdocs\lumen\ddsbe2\vendor\laravel\lumen-framework\src\Concerns\RoutesRequests.php(263): Laravel\Lumen\Application->callActionOnArrayBasedRoute(Array)
#25 C:\xampp\htdocs\lumen\ddsbe2\vendor\laravel\lumen-framework\src\Concerns\RoutesRequests.php(165): Laravel\Lumen\Application->handleFoundRoute(Array)
#26 C:\xampp\htdocs\lumen\ddsbe2\vendor\laravel\lumen-framework\src\Concerns\RoutesRequests.php(416): Laravel\Lumen\Application->Laravel\Lumen\Concerns\{closure}(Object(Laravel\Lumen\Http\Request))
#27 C:\xampp\htdocs\lumen\ddsbe2\vendor\laravel\lumen-framework\src\Concerns\RoutesRequests.php(171): Laravel\Lumen\Application->sendThroughPipeline(Array, Object(Closure))
#28 C:\xampp\htdocs\lumen\ddsbe2\vendor\laravel\lumen-framework\src\Concerns\RoutesRequests.php(108): Laravel\Lumen\Application->dispatch(NULL)
#29 C:\xampp\htdocs\lumen\ddsbe2\public\index.php(28): Laravel\Lumen\Application->run()
#30 {main} {"exception":"[object] (Illuminate\\Database\\QueryException(code: 42S22): SQLSTATE[42S22]: Column not found: 1054 Unknown column 'tbluserjob.id' in 'where clause' (SQL: select * from `tbluserjob` where `tbluserjob`.`id` = 2 limit 1) at C:\\xampp\\htdocs\\lumen\\ddsbe2\\vendor\\illuminate\\database\\Connection.php:664, PDOException(code: 42S22): SQLSTATE[42S22]: Column not found: 1054 Unknown column 'tbluserjob.id' in 'where clause' at C:\\xampp\\htdocs\\lumen\\ddsbe2\\vendor\\illuminate\\database\\Connection.php:326)
[stacktrace]
#0 C:\\xampp\\htdocs\\lumen\\ddsbe2\\vendor\\illuminate\\database\\Connection.php(624): Illuminate\\Database\\Connection->runQueryCallback('select * from `...', Array, Object(Closure))
#1 C:\\xampp\\htdocs\\lumen\\ddsbe2\\vendor\\illuminate\\database\\Connection.php(333): Illuminate\\Database\\Connection->run('select * from `...', Array, Object(Closure))
#2 C:\\xampp\\htdocs\\lumen\\ddsbe2\\vendor\\illuminate\\database\\Query\\Builder.php(2130): Illuminate\\Database\\Connection->select('select * from `...', Array, true)
#3 C:\\xampp\\htdocs\\lumen\\ddsbe2\\vendor\\illuminate\\database\\Query\\Builder.php(2118): Illuminate\\Database\\Query\\Builder->runSelect()
#4 C:\\xampp\\htdocs\\lumen\\ddsbe2\\vendor\\illuminate\\database\\Query\\Builder.php(2604): Illuminate\\Database\\Query\\Builder->Illuminate\\Database\\Query\\{closure}()
#5 C:\\xampp\\htdocs\\lumen\\ddsbe2\\vendor\\illuminate\\database\\Query\\Builder.php(2119): Illuminate\\Database\\Query\\Builder->onceWithColumns(Array, Object(Closure))
#6 C:\\xampp\\htdocs\\lumen\\ddsbe2\\vendor\\illuminate\\database\\Eloquent\\Builder.php(521): Illuminate\\Database\\Query\\Builder->get(Array)
#7 C:\\xampp\\htdocs\\lumen\\ddsbe2\\vendor\\illuminate\\database\\Eloquent\\Builder.php(505): Illuminate\\Database\\Eloquent\\Builder->getModels(Array)
#8 C:\\xampp\\htdocs\\lumen\\ddsbe2\\vendor\\illuminate\\database\\Concerns\\BuildsQueries.php(77): Illuminate\\Database\\Eloquent\\Builder->get(Array)
#9 C:\\xampp\\htdocs\\lumen\\ddsbe2\\vendor\\illuminate\\database\\Eloquent\\Builder.php(329): Illuminate\\Database\\Eloquent\\Builder->first(Array)
#10 C:\\xampp\\htdocs\\lumen\\ddsbe2\\vendor\\illuminate\\database\\Eloquent\\Builder.php(361): Illuminate\\Database\\Eloquent\\Builder->find('2', Array)
#11 C:\\xampp\\htdocs\\lumen\\ddsbe2\\vendor\\illuminate\\support\\Traits\\ForwardsCalls.php(23): Illuminate\\Database\\Eloquent\\Builder->findOrFail('2')
#12 C:\\xampp\\htdocs\\lumen\\ddsbe2\\vendor\\illuminate\\database\\Eloquent\\Model.php(1618): Illuminate\\Database\\Eloquent\\Model->forwardCallTo(Object(Illuminate\\Database\\Eloquent\\Builder), 'findOrFail', Array)
#13 C:\\xampp\\htdocs\\lumen\\ddsbe2\\vendor\\illuminate\\database\\Eloquent\\Model.php(1630): Illuminate\\Database\\Eloquent\\Model->__call('findOrFail', Array)
#14 C:\\xampp\\htdocs\\lumen\\ddsbe2\\app\\Http\\Controllers\\UserController.php(110): Illuminate\\Database\\Eloquent\\Model::__callStatic('findOrFail', Array)
#15 [internal function]: App\\Http\\Controllers\\UserController->addUser(Object(Laravel\\Lumen\\Http\\Request))
#16 C:\\xampp\\htdocs\\lumen\\ddsbe2\\vendor\\illuminate\\container\\BoundMethod.php(32): call_user_func_array(Array, Array)
#17 C:\\xampp\\htdocs\\lumen\\ddsbe2\\vendor\\illuminate\\container\\BoundMethod.php(90): Illuminate\\Container\\BoundMethod::Illuminate\\Container\\{closure}()
#18 C:\\xampp\\htdocs\\lumen\\ddsbe2\\vendor\\illuminate\\container\\BoundMethod.php(34): Illuminate\\Container\\BoundMethod::callBoundMethod(Object(Laravel\\Lumen\\Application), Array, Object(Closure))
#19 C:\\xampp\\htdocs\\lumen\\ddsbe2\\vendor\\illuminate\\container\\Container.php(576): Illuminate\\Container\\BoundMethod::call(Object(Laravel\\Lumen\\Application), Array, Array, NULL)
#20 C:\\xampp\\htdocs\\lumen\\ddsbe2\\vendor\\laravel\\lumen-framework\\src\\Concerns\\RoutesRequests.php(376): Illuminate\\Container\\Container->call(Array, Array)
#21 C:\\xampp\\htdocs\\lumen\\ddsbe2\\vendor\\laravel\\lumen-framework\\src\\Concerns\\RoutesRequests.php(342): Laravel\\Lumen\\Application->callControllerCallable(Array, Array)
#22 C:\\xampp\\htdocs\\lumen\\ddsbe2\\vendor\\laravel\\lumen-framework\\src\\Concerns\\RoutesRequests.php(316): Laravel\\Lumen\\Application->callLumenController(Object(App\\Http\\Controllers\\UserController), 'addUser', Array)
#23 C:\\xampp\\htdocs\\lumen\\ddsbe2\\vendor\\laravel\\lumen-framework\\src\\Concerns\\RoutesRequests.php(278): Laravel\\Lumen\\Application->callControllerAction(Array)
#24 C:\\xampp\\htdocs\\lumen\\ddsbe2\\vendor\\laravel\\lumen-framework\\src\\Concerns\\RoutesRequests.php(263): Laravel\\Lumen\\Application->callActionOnArrayBasedRoute(Array)
#25 C:\\xampp\\htdocs\\lumen\\ddsbe2\\vendor\\laravel\\lumen-framework\\src\\Concerns\\RoutesRequests.php(165): Laravel\\Lumen\\Application->handleFoundRoute(Array)
#26 C:\\xampp\\htdocs\\lumen\\ddsbe2\\vendor\\laravel\\lumen-framework\\src\\Concerns\\RoutesRequests.php(416): Laravel\\Lumen\\Application->Laravel\\Lumen\\Concerns\\{closure}(Object(Laravel\\Lumen\\Http\\Request))
#27 C:\\xampp\\htdocs\\lumen\\ddsbe2\\vendor\\laravel\\lumen-framework\\src\\Concerns\\RoutesRequests.php(171): Laravel\\Lumen\\Application->sendThroughPipeline(Array, Object(Closure))
#28 C:\\xampp\\htdocs\\lumen\\ddsbe2\\vendor\\laravel\\lumen-framework\\src\\Concerns\\RoutesRequests.php(108): Laravel\\Lumen\\Application->dispatch(NULL)
#29 C:\\xampp\\htdocs\\lumen\\ddsbe2\\public\\index.php(28): Laravel\\Lumen\\Application->run()
#30 {main}
"} 
[2020-12-10 06:36:43] local.ERROR: Symfony\Component\Debug\Exception\FatalThrowableError: Call to undefined method App\Exceptions\Handler::errorResponse() in C:\xampp\htdocs\lumen\ddsbe2\app\Exceptions\Handler.php:65
Stack trace:
#0 C:\xampp\htdocs\lumen\ddsbe2\vendor\laravel\lumen-framework\src\Concerns\RegistersExceptionHandlers.php(105): App\Exceptions\Handler->render(Object(Laravel\Lumen\Http\Request), Object(Illuminate\Validation\ValidationException))
#1 C:\xampp\htdocs\lumen\ddsbe2\vendor\laravel\lumen-framework\src\Concerns\RoutesRequests.php(173): Laravel\Lumen\Application->sendExceptionToHandler(Object(Illuminate\Validation\ValidationException))
#2 C:\xampp\htdocs\lumen\ddsbe2\vendor\laravel\lumen-framework\src\Concerns\RoutesRequests.php(108): Laravel\Lumen\Application->dispatch(NULL)
#3 C:\xampp\htdocs\lumen\ddsbe2\public\index.php(28): Laravel\Lumen\Application->run()
#4 {main} {"exception":"[object] (Symfony\\Component\\Debug\\Exception\\FatalThrowableError(code: 0): Call to undefined method App\\Exceptions\\Handler::errorResponse() at C:\\xampp\\htdocs\\lumen\\ddsbe2\\app\\Exceptions\\Handler.php:65)
[stacktrace]
#0 C:\\xampp\\htdocs\\lumen\\ddsbe2\\vendor\\laravel\\lumen-framework\\src\\Concerns\\RegistersExceptionHandlers.php(105): App\\Exceptions\\Handler->render(Object(Laravel\\Lumen\\Http\\Request), Object(Illuminate\\Validation\\ValidationException))
#1 C:\\xampp\\htdocs\\lumen\\ddsbe2\\vendor\\laravel\\lumen-framework\\src\\Concerns\\RoutesRequests.php(173): Laravel\\Lumen\\Application->sendExceptionToHandler(Object(Illuminate\\Validation\\ValidationException))
#2 C:\\xampp\\htdocs\\lumen\\ddsbe2\\vendor\\laravel\\lumen-framework\\src\\Concerns\\RoutesRequests.php(108): Laravel\\Lumen\\Application->dispatch(NULL)
#3 C:\\xampp\\htdocs\\lumen\\ddsbe2\\public\\index.php(28): Laravel\\Lumen\\Application->run()
#4 {main}
"} 
[2020-12-10 06:36:54] local.ERROR: PDOException: SQLSTATE[42S22]: Column not found: 1054 Unknown column 'tbluserjob.id' in 'where clause' in C:\xampp\htdocs\lumen\ddsbe2\vendor\illuminate\database\Connection.php:326
Stack trace:
#0 C:\xampp\htdocs\lumen\ddsbe2\vendor\illuminate\database\Connection.php(326): PDO->prepare('select * from `...')
#1 C:\xampp\htdocs\lumen\ddsbe2\vendor\illuminate\database\Connection.php(657): Illuminate\Database\Connection->Illuminate\Database\{closure}('select * from `...', Array)
#2 C:\xampp\htdocs\lumen\ddsbe2\vendor\illuminate\database\Connection.php(624): Illuminate\Database\Connection->runQueryCallback('select * from `...', Array, Object(Closure))
#3 C:\xampp\htdocs\lumen\ddsbe2\vendor\illuminate\database\Connection.php(333): Illuminate\Database\Connection->run('select * from `...', Array, Object(Closure))
#4 C:\xampp\htdocs\lumen\ddsbe2\vendor\illuminate\database\Query\Builder.php(2130): Illuminate\Database\Connection->select('select * from `...', Array, true)
#5 C:\xampp\htdocs\lumen\ddsbe2\vendor\illuminate\database\Query\Builder.php(2118): Illuminate\Database\Query\Builder->runSelect()
#6 C:\xampp\htdocs\lumen\ddsbe2\vendor\illuminate\database\Query\Builder.php(2604): Illuminate\Database\Query\Builder->Illuminate\Database\Query\{closure}()
#7 C:\xampp\htdocs\lumen\ddsbe2\vendor\illuminate\database\Query\Builder.php(2119): Illuminate\Database\Query\Builder->onceWithColumns(Array, Object(Closure))
#8 C:\xampp\htdocs\lumen\ddsbe2\vendor\illuminate\database\Eloquent\Builder.php(521): Illuminate\Database\Query\Builder->get(Array)
#9 C:\xampp\htdocs\lumen\ddsbe2\vendor\illuminate\database\Eloquent\Builder.php(505): Illuminate\Database\Eloquent\Builder->getModels(Array)
#10 C:\xampp\htdocs\lumen\ddsbe2\vendor\illuminate\database\Concerns\BuildsQueries.php(77): Illuminate\Database\Eloquent\Builder->get(Array)
#11 C:\xampp\htdocs\lumen\ddsbe2\vendor\illuminate\database\Eloquent\Builder.php(329): Illuminate\Database\Eloquent\Builder->first(Array)
#12 C:\xampp\htdocs\lumen\ddsbe2\vendor\illuminate\database\Eloquent\Builder.php(361): Illuminate\Database\Eloquent\Builder->find('2', Array)
#13 C:\xampp\htdocs\lumen\ddsbe2\vendor\illuminate\support\Traits\ForwardsCalls.php(23): Illuminate\Database\Eloquent\Builder->findOrFail('2')
#14 C:\xampp\htdocs\lumen\ddsbe2\vendor\illuminate\database\Eloquent\Model.php(1618): Illuminate\Database\Eloquent\Model->forwardCallTo(Object(Illuminate\Database\Eloquent\Builder), 'findOrFail', Array)
#15 C:\xampp\htdocs\lumen\ddsbe2\vendor\illuminate\database\Eloquent\Model.php(1630): Illuminate\Database\Eloquent\Model->__call('findOrFail', Array)
#16 C:\xampp\htdocs\lumen\ddsbe2\app\Http\Controllers\UserController.php(110): Illuminate\Database\Eloquent\Model::__callStatic('findOrFail', Array)
#17 [internal function]: App\Http\Controllers\UserController->addUser(Object(Laravel\Lumen\Http\Request))
#18 C:\xampp\htdocs\lumen\ddsbe2\vendor\illuminate\container\BoundMethod.php(32): call_user_func_array(Array, Array)
#19 C:\xampp\htdocs\lumen\ddsbe2\vendor\illuminate\container\BoundMethod.php(90): Illuminate\Container\BoundMethod::Illuminate\Container\{closure}()
#20 C:\xampp\htdocs\lumen\ddsbe2\vendor\illuminate\container\BoundMethod.php(34): Illuminate\Container\BoundMethod::callBoundMethod(Object(Laravel\Lumen\Application), Array, Object(Closure))
#21 C:\xampp\htdocs\lumen\ddsbe2\vendor\illuminate\container\Container.php(576): Illuminate\Container\BoundMethod::call(Object(Laravel\Lumen\Application), Array, Array, NULL)
#22 C:\xampp\htdocs\lumen\ddsbe2\vendor\laravel\lumen-framework\src\Concerns\RoutesRequests.php(376): Illuminate\Container\Container->call(Array, Array)
#23 C:\xampp\htdocs\lumen\ddsbe2\vendor\laravel\lumen-framework\src\Concerns\RoutesRequests.php(342): Laravel\Lumen\Application->callControllerCallable(Array, Array)
#24 C:\xampp\htdocs\lumen\ddsbe2\vendor\laravel\lumen-framework\src\Concerns\RoutesRequests.php(316): Laravel\Lumen\Application->callLumenController(Object(App\Http\Controllers\UserController), 'addUser', Array)
#25 C:\xampp\htdocs\lumen\ddsbe2\vendor\laravel\lumen-framework\src\Concerns\RoutesRequests.php(278): Laravel\Lumen\Application->callControllerAction(Array)
#26 C:\xampp\htdocs\lumen\ddsbe2\vendor\laravel\lumen-framework\src\Concerns\RoutesRequests.php(263): Laravel\Lumen\Application->callActionOnArrayBasedRoute(Array)
#27 C:\xampp\htdocs\lumen\ddsbe2\vendor\laravel\lumen-framework\src\Concerns\RoutesRequests.php(165): Laravel\Lumen\Application->handleFoundRoute(Array)
#28 C:\xampp\htdocs\lumen\ddsbe2\vendor\laravel\lumen-framework\src\Concerns\RoutesRequests.php(416): Laravel\Lumen\Application->Laravel\Lumen\Concerns\{closure}(Object(Laravel\Lumen\Http\Request))
#29 C:\xampp\htdocs\lumen\ddsbe2\vendor\laravel\lumen-framework\src\Concerns\RoutesRequests.php(171): Laravel\Lumen\Application->sendThroughPipeline(Array, Object(Closure))
#30 C:\xampp\htdocs\lumen\ddsbe2\vendor\laravel\lumen-framework\src\Concerns\RoutesRequests.php(108): Laravel\Lumen\Application->dispatch(NULL)
#31 C:\xampp\htdocs\lumen\ddsbe2\public\index.php(28): Laravel\Lumen\Application->run()
#32 {main}

Next Illuminate\Database\QueryException: SQLSTATE[42S22]: Column not found: 1054 Unknown column 'tbluserjob.id' in 'where clause' (SQL: select * from `tbluserjob` where `tbluserjob`.`id` = 2 limit 1) in C:\xampp\htdocs\lumen\ddsbe2\vendor\illuminate\database\Connection.php:664
Stack trace:
#0 C:\xampp\htdocs\lumen\ddsbe2\vendor\illuminate\database\Connection.php(624): Illuminate\Database\Connection->runQueryCallback('select * from `...', Array, Object(Closure))
#1 C:\xampp\htdocs\lumen\ddsbe2\vendor\illuminate\database\Connection.php(333): Illuminate\Database\Connection->run('select * from `...', Array, Object(Closure))
#2 C:\xampp\htdocs\lumen\ddsbe2\vendor\illuminate\database\Query\Builder.php(2130): Illuminate\Database\Connection->select('select * from `...', Array, true)
#3 C:\xampp\htdocs\lumen\ddsbe2\vendor\illuminate\database\Query\Builder.php(2118): Illuminate\Database\Query\Builder->runSelect()
#4 C:\xampp\htdocs\lumen\ddsbe2\vendor\illuminate\database\Query\Builder.php(2604): Illuminate\Database\Query\Builder->Illuminate\Database\Query\{closure}()
#5 C:\xampp\htdocs\lumen\ddsbe2\vendor\illuminate\database\Query\Builder.php(2119): Illuminate\Database\Query\Builder->onceWithColumns(Array, Object(Closure))
#6 C:\xampp\htdocs\lumen\ddsbe2\vendor\illuminate\database\Eloquent\Builder.php(521): Illuminate\Database\Query\Builder->get(Array)
#7 C:\xampp\htdocs\lumen\ddsbe2\vendor\illuminate\database\Eloquent\Builder.php(505): Illuminate\Database\Eloquent\Builder->getModels(Array)
#8 C:\xampp\htdocs\lumen\ddsbe2\vendor\illuminate\database\Concerns\BuildsQueries.php(77): Illuminate\Database\Eloquent\Builder->get(Array)
#9 C:\xampp\htdocs\lumen\ddsbe2\vendor\illuminate\database\Eloquent\Builder.php(329): Illuminate\Database\Eloquent\Builder->first(Array)
#10 C:\xampp\htdocs\lumen\ddsbe2\vendor\illuminate\database\Eloquent\Builder.php(361): Illuminate\Database\Eloquent\Builder->find('2', Array)
#11 C:\xampp\htdocs\lumen\ddsbe2\vendor\illuminate\support\Traits\ForwardsCalls.php(23): Illuminate\Database\Eloquent\Builder->findOrFail('2')
#12 C:\xampp\htdocs\lumen\ddsbe2\vendor\illuminate\database\Eloquent\Model.php(1618): Illuminate\Database\Eloquent\Model->forwardCallTo(Object(Illuminate\Database\Eloquent\Builder), 'findOrFail', Array)
#13 C:\xampp\htdocs\lumen\ddsbe2\vendor\illuminate\database\Eloquent\Model.php(1630): Illuminate\Database\Eloquent\Model->__call('findOrFail', Array)
#14 C:\xampp\htdocs\lumen\ddsbe2\app\Http\Controllers\UserController.php(110): Illuminate\Database\Eloquent\Model::__callStatic('findOrFail', Array)
#15 [internal function]: App\Http\Controllers\UserController->addUser(Object(Laravel\Lumen\Http\Request))
#16 C:\xampp\htdocs\lumen\ddsbe2\vendor\illuminate\container\BoundMethod.php(32): call_user_func_array(Array, Array)
#17 C:\xampp\htdocs\lumen\ddsbe2\vendor\illuminate\container\BoundMethod.php(90): Illuminate\Container\BoundMethod::Illuminate\Container\{closure}()
#18 C:\xampp\htdocs\lumen\ddsbe2\vendor\illuminate\container\BoundMethod.php(34): Illuminate\Container\BoundMethod::callBoundMethod(Object(Laravel\Lumen\Application), Array, Object(Closure))
#19 C:\xampp\htdocs\lumen\ddsbe2\vendor\illuminate\container\Container.php(576): Illuminate\Container\BoundMethod::call(Object(Laravel\Lumen\Application), Array, Array, NULL)
#20 C:\xampp\htdocs\lumen\ddsbe2\vendor\laravel\lumen-framework\src\Concerns\RoutesRequests.php(376): Illuminate\Container\Container->call(Array, Array)
#21 C:\xampp\htdocs\lumen\ddsbe2\vendor\laravel\lumen-framework\src\Concerns\RoutesRequests.php(342): Laravel\Lumen\Application->callControllerCallable(Array, Array)
#22 C:\xampp\htdocs\lumen\ddsbe2\vendor\laravel\lumen-framework\src\Concerns\RoutesRequests.php(316): Laravel\Lumen\Application->callLumenController(Object(App\Http\Controllers\UserController), 'addUser', Array)
#23 C:\xampp\htdocs\lumen\ddsbe2\vendor\laravel\lumen-framework\src\Concerns\RoutesRequests.php(278): Laravel\Lumen\Application->callControllerAction(Array)
#24 C:\xampp\htdocs\lumen\ddsbe2\vendor\laravel\lumen-framework\src\Concerns\RoutesRequests.php(263): Laravel\Lumen\Application->callActionOnArrayBasedRoute(Array)
#25 C:\xampp\htdocs\lumen\ddsbe2\vendor\laravel\lumen-framework\src\Concerns\RoutesRequests.php(165): Laravel\Lumen\Application->handleFoundRoute(Array)
#26 C:\xampp\htdocs\lumen\ddsbe2\vendor\laravel\lumen-framework\src\Concerns\RoutesRequests.php(416): Laravel\Lumen\Application->Laravel\Lumen\Concerns\{closure}(Object(Laravel\Lumen\Http\Request))
#27 C:\xampp\htdocs\lumen\ddsbe2\vendor\laravel\lumen-framework\src\Concerns\RoutesRequests.php(171): Laravel\Lumen\Application->sendThroughPipeline(Array, Object(Closure))
#28 C:\xampp\htdocs\lumen\ddsbe2\vendor\laravel\lumen-framework\src\Concerns\RoutesRequests.php(108): Laravel\Lumen\Application->dispatch(NULL)
#29 C:\xampp\htdocs\lumen\ddsbe2\public\index.php(28): Laravel\Lumen\Application->run()
#30 {main} {"exception":"[object] (Illuminate\\Database\\QueryException(code: 42S22): SQLSTATE[42S22]: Column not found: 1054 Unknown column 'tbluserjob.id' in 'where clause' (SQL: select * from `tbluserjob` where `tbluserjob`.`id` = 2 limit 1) at C:\\xampp\\htdocs\\lumen\\ddsbe2\\vendor\\illuminate\\database\\Connection.php:664, PDOException(code: 42S22): SQLSTATE[42S22]: Column not found: 1054 Unknown column 'tbluserjob.id' in 'where clause' at C:\\xampp\\htdocs\\lumen\\ddsbe2\\vendor\\illuminate\\database\\Connection.php:326)
[stacktrace]
#0 C:\\xampp\\htdocs\\lumen\\ddsbe2\\vendor\\illuminate\\database\\Connection.php(624): Illuminate\\Database\\Connection->runQueryCallback('select * from `...', Array, Object(Closure))
#1 C:\\xampp\\htdocs\\lumen\\ddsbe2\\vendor\\illuminate\\database\\Connection.php(333): Illuminate\\Database\\Connection->run('select * from `...', Array, Object(Closure))
#2 C:\\xampp\\htdocs\\lumen\\ddsbe2\\vendor\\illuminate\\database\\Query\\Builder.php(2130): Illuminate\\Database\\Connection->select('select * from `...', Array, true)
#3 C:\\xampp\\htdocs\\lumen\\ddsbe2\\vendor\\illuminate\\database\\Query\\Builder.php(2118): Illuminate\\Database\\Query\\Builder->runSelect()
#4 C:\\xampp\\htdocs\\lumen\\ddsbe2\\vendor\\illuminate\\database\\Query\\Builder.php(2604): Illuminate\\Database\\Query\\Builder->Illuminate\\Database\\Query\\{closure}()
#5 C:\\xampp\\htdocs\\lumen\\ddsbe2\\vendor\\illuminate\\database\\Query\\Builder.php(2119): Illuminate\\Database\\Query\\Builder->onceWithColumns(Array, Object(Closure))
#6 C:\\xampp\\htdocs\\lumen\\ddsbe2\\vendor\\illuminate\\database\\Eloquent\\Builder.php(521): Illuminate\\Database\\Query\\Builder->get(Array)
#7 C:\\xampp\\htdocs\\lumen\\ddsbe2\\vendor\\illuminate\\database\\Eloquent\\Builder.php(505): Illuminate\\Database\\Eloquent\\Builder->getModels(Array)
#8 C:\\xampp\\htdocs\\lumen\\ddsbe2\\vendor\\illuminate\\database\\Concerns\\BuildsQueries.php(77): Illuminate\\Database\\Eloquent\\Builder->get(Array)
#9 C:\\xampp\\htdocs\\lumen\\ddsbe2\\vendor\\illuminate\\database\\Eloquent\\Builder.php(329): Illuminate\\Database\\Eloquent\\Builder->first(Array)
#10 C:\\xampp\\htdocs\\lumen\\ddsbe2\\vendor\\illuminate\\database\\Eloquent\\Builder.php(361): Illuminate\\Database\\Eloquent\\Builder->find('2', Array)
#11 C:\\xampp\\htdocs\\lumen\\ddsbe2\\vendor\\illuminate\\support\\Traits\\ForwardsCalls.php(23): Illuminate\\Database\\Eloquent\\Builder->findOrFail('2')
#12 C:\\xampp\\htdocs\\lumen\\ddsbe2\\vendor\\illuminate\\database\\Eloquent\\Model.php(1618): Illuminate\\Database\\Eloquent\\Model->forwardCallTo(Object(Illuminate\\Database\\Eloquent\\Builder), 'findOrFail', Array)
#13 C:\\xampp\\htdocs\\lumen\\ddsbe2\\vendor\\illuminate\\database\\Eloquent\\Model.php(1630): Illuminate\\Database\\Eloquent\\Model->__call('findOrFail', Array)
#14 C:\\xampp\\htdocs\\lumen\\ddsbe2\\app\\Http\\Controllers\\UserController.php(110): Illuminate\\Database\\Eloquent\\Model::__callStatic('findOrFail', Array)
#15 [internal function]: App\\Http\\Controllers\\UserController->addUser(Object(Laravel\\Lumen\\Http\\Request))
#16 C:\\xampp\\htdocs\\lumen\\ddsbe2\\vendor\\illuminate\\container\\BoundMethod.php(32): call_user_func_array(Array, Array)
#17 C:\\xampp\\htdocs\\lumen\\ddsbe2\\vendor\\illuminate\\container\\BoundMethod.php(90): Illuminate\\Container\\BoundMethod::Illuminate\\Container\\{closure}()
#18 C:\\xampp\\htdocs\\lumen\\ddsbe2\\vendor\\illuminate\\container\\BoundMethod.php(34): Illuminate\\Container\\BoundMethod::callBoundMethod(Object(Laravel\\Lumen\\Application), Array, Object(Closure))
#19 C:\\xampp\\htdocs\\lumen\\ddsbe2\\vendor\\illuminate\\container\\Container.php(576): Illuminate\\Container\\BoundMethod::call(Object(Laravel\\Lumen\\Application), Array, Array, NULL)
#20 C:\\xampp\\htdocs\\lumen\\ddsbe2\\vendor\\laravel\\lumen-framework\\src\\Concerns\\RoutesRequests.php(376): Illuminate\\Container\\Container->call(Array, Array)
#21 C:\\xampp\\htdocs\\lumen\\ddsbe2\\vendor\\laravel\\lumen-framework\\src\\Concerns\\RoutesRequests.php(342): Laravel\\Lumen\\Application->callControllerCallable(Array, Array)
#22 C:\\xampp\\htdocs\\lumen\\ddsbe2\\vendor\\laravel\\lumen-framework\\src\\Concerns\\RoutesRequests.php(316): Laravel\\Lumen\\Application->callLumenController(Object(App\\Http\\Controllers\\UserController), 'addUser', Array)
#23 C:\\xampp\\htdocs\\lumen\\ddsbe2\\vendor\\laravel\\lumen-framework\\src\\Concerns\\RoutesRequests.php(278): Laravel\\Lumen\\Application->callControllerAction(Array)
#24 C:\\xampp\\htdocs\\lumen\\ddsbe2\\vendor\\laravel\\lumen-framework\\src\\Concerns\\RoutesRequests.php(263): Laravel\\Lumen\\Application->callActionOnArrayBasedRoute(Array)
#25 C:\\xampp\\htdocs\\lumen\\ddsbe2\\vendor\\laravel\\lumen-framework\\src\\Concerns\\RoutesRequests.php(165): Laravel\\Lumen\\Application->handleFoundRoute(Array)
#26 C:\\xampp\\htdocs\\lumen\\ddsbe2\\vendor\\laravel\\lumen-framework\\src\\Concerns\\RoutesRequests.php(416): Laravel\\Lumen\\Application->Laravel\\Lumen\\Concerns\\{closure}(Object(Laravel\\Lumen\\Http\\Request))
#27 C:\\xampp\\htdocs\\lumen\\ddsbe2\\vendor\\laravel\\lumen-framework\\src\\Concerns\\RoutesRequests.php(171): Laravel\\Lumen\\Application->sendThroughPipeline(Array, Object(Closure))
#28 C:\\xampp\\htdocs\\lumen\\ddsbe2\\vendor\\laravel\\lumen-framework\\src\\Concerns\\RoutesRequests.php(108): Laravel\\Lumen\\Application->dispatch(NULL)
#29 C:\\xampp\\htdocs\\lumen\\ddsbe2\\public\\index.php(28): Laravel\\Lumen\\Application->run()
#30 {main}
"} 
[2020-12-10 06:37:31] local.ERROR: PDOException: SQLSTATE[42S22]: Column not found: 1054 Unknown column 'tbluserjob.id' in 'where clause' in C:\xampp\htdocs\lumen\ddsbe2\vendor\illuminate\database\Connection.php:326
Stack trace:
#0 C:\xampp\htdocs\lumen\ddsbe2\vendor\illuminate\database\Connection.php(326): PDO->prepare('select * from `...')
#1 C:\xampp\htdocs\lumen\ddsbe2\vendor\illuminate\database\Connection.php(657): Illuminate\Database\Connection->Illuminate\Database\{closure}('select * from `...', Array)
#2 C:\xampp\htdocs\lumen\ddsbe2\vendor\illuminate\database\Connection.php(624): Illuminate\Database\Connection->runQueryCallback('select * from `...', Array, Object(Closure))
#3 C:\xampp\htdocs\lumen\ddsbe2\vendor\illuminate\database\Connection.php(333): Illuminate\Database\Connection->run('select * from `...', Array, Object(Closure))
#4 C:\xampp\htdocs\lumen\ddsbe2\vendor\illuminate\database\Query\Builder.php(2130): Illuminate\Database\Connection->select('select * from `...', Array, true)
#5 C:\xampp\htdocs\lumen\ddsbe2\vendor\illuminate\database\Query\Builder.php(2118): Illuminate\Database\Query\Builder->runSelect()
#6 C:\xampp\htdocs\lumen\ddsbe2\vendor\illuminate\database\Query\Builder.php(2604): Illuminate\Database\Query\Builder->Illuminate\Database\Query\{closure}()
#7 C:\xampp\htdocs\lumen\ddsbe2\vendor\illuminate\database\Query\Builder.php(2119): Illuminate\Database\Query\Builder->onceWithColumns(Array, Object(Closure))
#8 C:\xampp\htdocs\lumen\ddsbe2\vendor\illuminate\database\Eloquent\Builder.php(521): Illuminate\Database\Query\Builder->get(Array)
#9 C:\xampp\htdocs\lumen\ddsbe2\vendor\illuminate\database\Eloquent\Builder.php(505): Illuminate\Database\Eloquent\Builder->getModels(Array)
#10 C:\xampp\htdocs\lumen\ddsbe2\vendor\illuminate\database\Concerns\BuildsQueries.php(77): Illuminate\Database\Eloquent\Builder->get(Array)
#11 C:\xampp\htdocs\lumen\ddsbe2\vendor\illuminate\database\Eloquent\Builder.php(329): Illuminate\Database\Eloquent\Builder->first(Array)
#12 C:\xampp\htdocs\lumen\ddsbe2\vendor\illuminate\database\Eloquent\Builder.php(361): Illuminate\Database\Eloquent\Builder->find('2', Array)
#13 C:\xampp\htdocs\lumen\ddsbe2\vendor\illuminate\support\Traits\ForwardsCalls.php(23): Illuminate\Database\Eloquent\Builder->findOrFail('2')
#14 C:\xampp\htdocs\lumen\ddsbe2\vendor\illuminate\database\Eloquent\Model.php(1618): Illuminate\Database\Eloquent\Model->forwardCallTo(Object(Illuminate\Database\Eloquent\Builder), 'findOrFail', Array)
#15 C:\xampp\htdocs\lumen\ddsbe2\vendor\illuminate\database\Eloquent\Model.php(1630): Illuminate\Database\Eloquent\Model->__call('findOrFail', Array)
#16 C:\xampp\htdocs\lumen\ddsbe2\app\Http\Controllers\UserController.php(110): Illuminate\Database\Eloquent\Model::__callStatic('findOrFail', Array)
#17 [internal function]: App\Http\Controllers\UserController->addUser(Object(Laravel\Lumen\Http\Request))
#18 C:\xampp\htdocs\lumen\ddsbe2\vendor\illuminate\container\BoundMethod.php(32): call_user_func_array(Array, Array)
#19 C:\xampp\htdocs\lumen\ddsbe2\vendor\illuminate\container\BoundMethod.php(90): Illuminate\Container\BoundMethod::Illuminate\Container\{closure}()
#20 C:\xampp\htdocs\lumen\ddsbe2\vendor\illuminate\container\BoundMethod.php(34): Illuminate\Container\BoundMethod::callBoundMethod(Object(Laravel\Lumen\Application), Array, Object(Closure))
#21 C:\xampp\htdocs\lumen\ddsbe2\vendor\illuminate\container\Container.php(576): Illuminate\Container\BoundMethod::call(Object(Laravel\Lumen\Application), Array, Array, NULL)
#22 C:\xampp\htdocs\lumen\ddsbe2\vendor\laravel\lumen-framework\src\Concerns\RoutesRequests.php(376): Illuminate\Container\Container->call(Array, Array)
#23 C:\xampp\htdocs\lumen\ddsbe2\vendor\laravel\lumen-framework\src\Concerns\RoutesRequests.php(342): Laravel\Lumen\Application->callControllerCallable(Array, Array)
#24 C:\xampp\htdocs\lumen\ddsbe2\vendor\laravel\lumen-framework\src\Concerns\RoutesRequests.php(316): Laravel\Lumen\Application->callLumenController(Object(App\Http\Controllers\UserController), 'addUser', Array)
#25 C:\xampp\htdocs\lumen\ddsbe2\vendor\laravel\lumen-framework\src\Concerns\RoutesRequests.php(278): Laravel\Lumen\Application->callControllerAction(Array)
#26 C:\xampp\htdocs\lumen\ddsbe2\vendor\laravel\lumen-framework\src\Concerns\RoutesRequests.php(263): Laravel\Lumen\Application->callActionOnArrayBasedRoute(Array)
#27 C:\xampp\htdocs\lumen\ddsbe2\vendor\laravel\lumen-framework\src\Concerns\RoutesRequests.php(165): Laravel\Lumen\Application->handleFoundRoute(Array)
#28 C:\xampp\htdocs\lumen\ddsbe2\vendor\laravel\lumen-framework\src\Concerns\RoutesRequests.php(416): Laravel\Lumen\Application->Laravel\Lumen\Concerns\{closure}(Object(Laravel\Lumen\Http\Request))
#29 C:\xampp\htdocs\lumen\ddsbe2\vendor\laravel\lumen-framework\src\Concerns\RoutesRequests.php(171): Laravel\Lumen\Application->sendThroughPipeline(Array, Object(Closure))
#30 C:\xampp\htdocs\lumen\ddsbe2\vendor\laravel\lumen-framework\src\Concerns\RoutesRequests.php(108): Laravel\Lumen\Application->dispatch(NULL)
#31 C:\xampp\htdocs\lumen\ddsbe2\public\index.php(28): Laravel\Lumen\Application->run()
#32 {main}

Next Illuminate\Database\QueryException: SQLSTATE[42S22]: Column not found: 1054 Unknown column 'tbluserjob.id' in 'where clause' (SQL: select * from `tbluserjob` where `tbluserjob`.`id` = 2 limit 1) in C:\xampp\htdocs\lumen\ddsbe2\vendor\illuminate\database\Connection.php:664
Stack trace:
#0 C:\xampp\htdocs\lumen\ddsbe2\vendor\illuminate\database\Connection.php(624): Illuminate\Database\Connection->runQueryCallback('select * from `...', Array, Object(Closure))
#1 C:\xampp\htdocs\lumen\ddsbe2\vendor\illuminate\database\Connection.php(333): Illuminate\Database\Connection->run('select * from `...', Array, Object(Closure))
#2 C:\xampp\htdocs\lumen\ddsbe2\vendor\illuminate\database\Query\Builder.php(2130): Illuminate\Database\Connection->select('select * from `...', Array, true)
#3 C:\xampp\htdocs\lumen\ddsbe2\vendor\illuminate\database\Query\Builder.php(2118): Illuminate\Database\Query\Builder->runSelect()
#4 C:\xampp\htdocs\lumen\ddsbe2\vendor\illuminate\database\Query\Builder.php(2604): Illuminate\Database\Query\Builder->Illuminate\Database\Query\{closure}()
#5 C:\xampp\htdocs\lumen\ddsbe2\vendor\illuminate\database\Query\Builder.php(2119): Illuminate\Database\Query\Builder->onceWithColumns(Array, Object(Closure))
#6 C:\xampp\htdocs\lumen\ddsbe2\vendor\illuminate\database\Eloquent\Builder.php(521): Illuminate\Database\Query\Builder->get(Array)
#7 C:\xampp\htdocs\lumen\ddsbe2\vendor\illuminate\database\Eloquent\Builder.php(505): Illuminate\Database\Eloquent\Builder->getModels(Array)
#8 C:\xampp\htdocs\lumen\ddsbe2\vendor\illuminate\database\Concerns\BuildsQueries.php(77): Illuminate\Database\Eloquent\Builder->get(Array)
#9 C:\xampp\htdocs\lumen\ddsbe2\vendor\illuminate\database\Eloquent\Builder.php(329): Illuminate\Database\Eloquent\Builder->first(Array)
#10 C:\xampp\htdocs\lumen\ddsbe2\vendor\illuminate\database\Eloquent\Builder.php(361): Illuminate\Database\Eloquent\Builder->find('2', Array)
#11 C:\xampp\htdocs\lumen\ddsbe2\vendor\illuminate\support\Traits\ForwardsCalls.php(23): Illuminate\Database\Eloquent\Builder->findOrFail('2')
#12 C:\xampp\htdocs\lumen\ddsbe2\vendor\illuminate\database\Eloquent\Model.php(1618): Illuminate\Database\Eloquent\Model->forwardCallTo(Object(Illuminate\Database\Eloquent\Builder), 'findOrFail', Array)
#13 C:\xampp\htdocs\lumen\ddsbe2\vendor\illuminate\database\Eloquent\Model.php(1630): Illuminate\Database\Eloquent\Model->__call('findOrFail', Array)
#14 C:\xampp\htdocs\lumen\ddsbe2\app\Http\Controllers\UserController.php(110): Illuminate\Database\Eloquent\Model::__callStatic('findOrFail', Array)
#15 [internal function]: App\Http\Controllers\UserController->addUser(Object(Laravel\Lumen\Http\Request))
#16 C:\xampp\htdocs\lumen\ddsbe2\vendor\illuminate\container\BoundMethod.php(32): call_user_func_array(Array, Array)
#17 C:\xampp\htdocs\lumen\ddsbe2\vendor\illuminate\container\BoundMethod.php(90): Illuminate\Container\BoundMethod::Illuminate\Container\{closure}()
#18 C:\xampp\htdocs\lumen\ddsbe2\vendor\illuminate\container\BoundMethod.php(34): Illuminate\Container\BoundMethod::callBoundMethod(Object(Laravel\Lumen\Application), Array, Object(Closure))
#19 C:\xampp\htdocs\lumen\ddsbe2\vendor\illuminate\container\Container.php(576): Illuminate\Container\BoundMethod::call(Object(Laravel\Lumen\Application), Array, Array, NULL)
#20 C:\xampp\htdocs\lumen\ddsbe2\vendor\laravel\lumen-framework\src\Concerns\RoutesRequests.php(376): Illuminate\Container\Container->call(Array, Array)
#21 C:\xampp\htdocs\lumen\ddsbe2\vendor\laravel\lumen-framework\src\Concerns\RoutesRequests.php(342): Laravel\Lumen\Application->callControllerCallable(Array, Array)
#22 C:\xampp\htdocs\lumen\ddsbe2\vendor\laravel\lumen-framework\src\Concerns\RoutesRequests.php(316): Laravel\Lumen\Application->callLumenController(Object(App\Http\Controllers\UserController), 'addUser', Array)
#23 C:\xampp\htdocs\lumen\ddsbe2\vendor\laravel\lumen-framework\src\Concerns\RoutesRequests.php(278): Laravel\Lumen\Application->callControllerAction(Array)
#24 C:\xampp\htdocs\lumen\ddsbe2\vendor\laravel\lumen-framework\src\Concerns\RoutesRequests.php(263): Laravel\Lumen\Application->callActionOnArrayBasedRoute(Array)
#25 C:\xampp\htdocs\lumen\ddsbe2\vendor\laravel\lumen-framework\src\Concerns\RoutesRequests.php(165): Laravel\Lumen\Application->handleFoundRoute(Array)
#26 C:\xampp\htdocs\lumen\ddsbe2\vendor\laravel\lumen-framework\src\Concerns\RoutesRequests.php(416): Laravel\Lumen\Application->Laravel\Lumen\Concerns\{closure}(Object(Laravel\Lumen\Http\Request))
#27 C:\xampp\htdocs\lumen\ddsbe2\vendor\laravel\lumen-framework\src\Concerns\RoutesRequests.php(171): Laravel\Lumen\Application->sendThroughPipeline(Array, Object(Closure))
#28 C:\xampp\htdocs\lumen\ddsbe2\vendor\laravel\lumen-framework\src\Concerns\RoutesRequests.php(108): Laravel\Lumen\Application->dispatch(NULL)
#29 C:\xampp\htdocs\lumen\ddsbe2\public\index.php(28): Laravel\Lumen\Application->run()
#30 {main} {"exception":"[object] (Illuminate\\Database\\QueryException(code: 42S22): SQLSTATE[42S22]: Column not found: 1054 Unknown column 'tbluserjob.id' in 'where clause' (SQL: select * from `tbluserjob` where `tbluserjob`.`id` = 2 limit 1) at C:\\xampp\\htdocs\\lumen\\ddsbe2\\vendor\\illuminate\\database\\Connection.php:664, PDOException(code: 42S22): SQLSTATE[42S22]: Column not found: 1054 Unknown column 'tbluserjob.id' in 'where clause' at C:\\xampp\\htdocs\\lumen\\ddsbe2\\vendor\\illuminate\\database\\Connection.php:326)
[stacktrace]
#0 C:\\xampp\\htdocs\\lumen\\ddsbe2\\vendor\\illuminate\\database\\Connection.php(624): Illuminate\\Database\\Connection->runQueryCallback('select * from `...', Array, Object(Closure))
#1 C:\\xampp\\htdocs\\lumen\\ddsbe2\\vendor\\illuminate\\database\\Connection.php(333): Illuminate\\Database\\Connection->run('select * from `...', Array, Object(Closure))
#2 C:\\xampp\\htdocs\\lumen\\ddsbe2\\vendor\\illuminate\\database\\Query\\Builder.php(2130): Illuminate\\Database\\Connection->select('select * from `...', Array, true)
#3 C:\\xampp\\htdocs\\lumen\\ddsbe2\\vendor\\illuminate\\database\\Query\\Builder.php(2118): Illuminate\\Database\\Query\\Builder->runSelect()
#4 C:\\xampp\\htdocs\\lumen\\ddsbe2\\vendor\\illuminate\\database\\Query\\Builder.php(2604): Illuminate\\Database\\Query\\Builder->Illuminate\\Database\\Query\\{closure}()
#5 C:\\xampp\\htdocs\\lumen\\ddsbe2\\vendor\\illuminate\\database\\Query\\Builder.php(2119): Illuminate\\Database\\Query\\Builder->onceWithColumns(Array, Object(Closure))
#6 C:\\xampp\\htdocs\\lumen\\ddsbe2\\vendor\\illuminate\\database\\Eloquent\\Builder.php(521): Illuminate\\Database\\Query\\Builder->get(Array)
#7 C:\\xampp\\htdocs\\lumen\\ddsbe2\\vendor\\illuminate\\database\\Eloquent\\Builder.php(505): Illuminate\\Database\\Eloquent\\Builder->getModels(Array)
#8 C:\\xampp\\htdocs\\lumen\\ddsbe2\\vendor\\illuminate\\database\\Concerns\\BuildsQueries.php(77): Illuminate\\Database\\Eloquent\\Builder->get(Array)
#9 C:\\xampp\\htdocs\\lumen\\ddsbe2\\vendor\\illuminate\\database\\Eloquent\\Builder.php(329): Illuminate\\Database\\Eloquent\\Builder->first(Array)
#10 C:\\xampp\\htdocs\\lumen\\ddsbe2\\vendor\\illuminate\\database\\Eloquent\\Builder.php(361): Illuminate\\Database\\Eloquent\\Builder->find('2', Array)
#11 C:\\xampp\\htdocs\\lumen\\ddsbe2\\vendor\\illuminate\\support\\Traits\\ForwardsCalls.php(23): Illuminate\\Database\\Eloquent\\Builder->findOrFail('2')
#12 C:\\xampp\\htdocs\\lumen\\ddsbe2\\vendor\\illuminate\\database\\Eloquent\\Model.php(1618): Illuminate\\Database\\Eloquent\\Model->forwardCallTo(Object(Illuminate\\Database\\Eloquent\\Builder), 'findOrFail', Array)
#13 C:\\xampp\\htdocs\\lumen\\ddsbe2\\vendor\\illuminate\\database\\Eloquent\\Model.php(1630): Illuminate\\Database\\Eloquent\\Model->__call('findOrFail', Array)
#14 C:\\xampp\\htdocs\\lumen\\ddsbe2\\app\\Http\\Controllers\\UserController.php(110): Illuminate\\Database\\Eloquent\\Model::__callStatic('findOrFail', Array)
#15 [internal function]: App\\Http\\Controllers\\UserController->addUser(Object(Laravel\\Lumen\\Http\\Request))
#16 C:\\xampp\\htdocs\\lumen\\ddsbe2\\vendor\\illuminate\\container\\BoundMethod.php(32): call_user_func_array(Array, Array)
#17 C:\\xampp\\htdocs\\lumen\\ddsbe2\\vendor\\illuminate\\container\\BoundMethod.php(90): Illuminate\\Container\\BoundMethod::Illuminate\\Container\\{closure}()
#18 C:\\xampp\\htdocs\\lumen\\ddsbe2\\vendor\\illuminate\\container\\BoundMethod.php(34): Illuminate\\Container\\BoundMethod::callBoundMethod(Object(Laravel\\Lumen\\Application), Array, Object(Closure))
#19 C:\\xampp\\htdocs\\lumen\\ddsbe2\\vendor\\illuminate\\container\\Container.php(576): Illuminate\\Container\\BoundMethod::call(Object(Laravel\\Lumen\\Application), Array, Array, NULL)
#20 C:\\xampp\\htdocs\\lumen\\ddsbe2\\vendor\\laravel\\lumen-framework\\src\\Concerns\\RoutesRequests.php(376): Illuminate\\Container\\Container->call(Array, Array)
#21 C:\\xampp\\htdocs\\lumen\\ddsbe2\\vendor\\laravel\\lumen-framework\\src\\Concerns\\RoutesRequests.php(342): Laravel\\Lumen\\Application->callControllerCallable(Array, Array)
#22 C:\\xampp\\htdocs\\lumen\\ddsbe2\\vendor\\laravel\\lumen-framework\\src\\Concerns\\RoutesRequests.php(316): Laravel\\Lumen\\Application->callLumenController(Object(App\\Http\\Controllers\\UserController), 'addUser', Array)
#23 C:\\xampp\\htdocs\\lumen\\ddsbe2\\vendor\\laravel\\lumen-framework\\src\\Concerns\\RoutesRequests.php(278): Laravel\\Lumen\\Application->callControllerAction(Array)
#24 C:\\xampp\\htdocs\\lumen\\ddsbe2\\vendor\\laravel\\lumen-framework\\src\\Concerns\\RoutesRequests.php(263): Laravel\\Lumen\\Application->callActionOnArrayBasedRoute(Array)
#25 C:\\xampp\\htdocs\\lumen\\ddsbe2\\vendor\\laravel\\lumen-framework\\src\\Concerns\\RoutesRequests.php(165): Laravel\\Lumen\\Application->handleFoundRoute(Array)
#26 C:\\xampp\\htdocs\\lumen\\ddsbe2\\vendor\\laravel\\lumen-framework\\src\\Concerns\\RoutesRequests.php(416): Laravel\\Lumen\\Application->Laravel\\Lumen\\Concerns\\{closure}(Object(Laravel\\Lumen\\Http\\Request))
#27 C:\\xampp\\htdocs\\lumen\\ddsbe2\\vendor\\laravel\\lumen-framework\\src\\Concerns\\RoutesRequests.php(171): Laravel\\Lumen\\Application->sendThroughPipeline(Array, Object(Closure))
#28 C:\\xampp\\htdocs\\lumen\\ddsbe2\\vendor\\laravel\\lumen-framework\\src\\Concerns\\RoutesRequests.php(108): Laravel\\Lumen\\Application->dispatch(NULL)
#29 C:\\xampp\\htdocs\\lumen\\ddsbe2\\public\\index.php(28): Laravel\\Lumen\\Application->run()
#30 {main}
"} 
[2020-12-10 07:20:56] local.ERROR: ErrorException: Undefined variable: users in C:\xampp\htdocs\lumen\ddsbe2\app\Http\Controllers\UserController.php:86
Stack trace:
#0 C:\xampp\htdocs\lumen\ddsbe2\app\Http\Controllers\UserController.php(86): Laravel\Lumen\Application->Laravel\Lumen\Concerns\{closure}(8, 'Undefined varia...', 'C:\\xampp\\htdocs...', 86, Array)
#1 [internal function]: App\Http\Controllers\UserController->updateUser(Object(Laravel\Lumen\Http\Request), '5')
#2 C:\xampp\htdocs\lumen\ddsbe2\vendor\illuminate\container\BoundMethod.php(32): call_user_func_array(Array, Array)
#3 C:\xampp\htdocs\lumen\ddsbe2\vendor\illuminate\container\BoundMethod.php(90): Illuminate\Container\BoundMethod::Illuminate\Container\{closure}()
#4 C:\xampp\htdocs\lumen\ddsbe2\vendor\illuminate\container\BoundMethod.php(34): Illuminate\Container\BoundMethod::callBoundMethod(Object(Laravel\Lumen\Application), Array, Object(Closure))
#5 C:\xampp\htdocs\lumen\ddsbe2\vendor\illuminate\container\Container.php(576): Illuminate\Container\BoundMethod::call(Object(Laravel\Lumen\Application), Array, Array, NULL)
#6 C:\xampp\htdocs\lumen\ddsbe2\vendor\laravel\lumen-framework\src\Concerns\RoutesRequests.php(376): Illuminate\Container\Container->call(Array, Array)
#7 C:\xampp\htdocs\lumen\ddsbe2\vendor\laravel\lumen-framework\src\Concerns\RoutesRequests.php(342): Laravel\Lumen\Application->callControllerCallable(Array, Array)
#8 C:\xampp\htdocs\lumen\ddsbe2\vendor\laravel\lumen-framework\src\Concerns\RoutesRequests.php(316): Laravel\Lumen\Application->callLumenController(Object(App\Http\Controllers\UserController), 'updateUser', Array)
#9 C:\xampp\htdocs\lumen\ddsbe2\vendor\laravel\lumen-framework\src\Concerns\RoutesRequests.php(278): Laravel\Lumen\Application->callControllerAction(Array)
#10 C:\xampp\htdocs\lumen\ddsbe2\vendor\laravel\lumen-framework\src\Concerns\RoutesRequests.php(263): Laravel\Lumen\Application->callActionOnArrayBasedRoute(Array)
#11 C:\xampp\htdocs\lumen\ddsbe2\vendor\laravel\lumen-framework\src\Concerns\RoutesRequests.php(233): Laravel\Lumen\Application->handleFoundRoute(Array)
#12 C:\xampp\htdocs\lumen\ddsbe2\vendor\laravel\lumen-framework\src\Concerns\RoutesRequests.php(169): Laravel\Lumen\Application->handleDispatcherResponse(Array)
#13 C:\xampp\htdocs\lumen\ddsbe2\vendor\laravel\lumen-framework\src\Concerns\RoutesRequests.php(416): Laravel\Lumen\Application->Laravel\Lumen\Concerns\{closure}(Object(Laravel\Lumen\Http\Request))
#14 C:\xampp\htdocs\lumen\ddsbe2\vendor\laravel\lumen-framework\src\Concerns\RoutesRequests.php(171): Laravel\Lumen\Application->sendThroughPipeline(Array, Object(Closure))
#15 C:\xampp\htdocs\lumen\ddsbe2\vendor\laravel\lumen-framework\src\Concerns\RoutesRequests.php(108): Laravel\Lumen\Application->dispatch(NULL)
#16 C:\xampp\htdocs\lumen\ddsbe2\public\index.php(28): Laravel\Lumen\Application->run()
#17 {main} {"exception":"[object] (ErrorException(code: 0): Undefined variable: users at C:\\xampp\\htdocs\\lumen\\ddsbe2\\app\\Http\\Controllers\\UserController.php:86)
[stacktrace]
#0 C:\\xampp\\htdocs\\lumen\\ddsbe2\\app\\Http\\Controllers\\UserController.php(86): Laravel\\Lumen\\Application->Laravel\\Lumen\\Concerns\\{closure}(8, 'Undefined varia...', 'C:\\\\xampp\\\\htdocs...', 86, Array)
#1 [internal function]: App\\Http\\Controllers\\UserController->updateUser(Object(Laravel\\Lumen\\Http\\Request), '5')
#2 C:\\xampp\\htdocs\\lumen\\ddsbe2\\vendor\\illuminate\\container\\BoundMethod.php(32): call_user_func_array(Array, Array)
#3 C:\\xampp\\htdocs\\lumen\\ddsbe2\\vendor\\illuminate\\container\\BoundMethod.php(90): Illuminate\\Container\\BoundMethod::Illuminate\\Container\\{closure}()
#4 C:\\xampp\\htdocs\\lumen\\ddsbe2\\vendor\\illuminate\\container\\BoundMethod.php(34): Illuminate\\Container\\BoundMethod::callBoundMethod(Object(Laravel\\Lumen\\Application), Array, Object(Closure))
#5 C:\\xampp\\htdocs\\lumen\\ddsbe2\\vendor\\illuminate\\container\\Container.php(576): Illuminate\\Container\\BoundMethod::call(Object(Laravel\\Lumen\\Application), Array, Array, NULL)
#6 C:\\xampp\\htdocs\\lumen\\ddsbe2\\vendor\\laravel\\lumen-framework\\src\\Concerns\\RoutesRequests.php(376): Illuminate\\Container\\Container->call(Array, Array)
#7 C:\\xampp\\htdocs\\lumen\\ddsbe2\\vendor\\laravel\\lumen-framework\\src\\Concerns\\RoutesRequests.php(342): Laravel\\Lumen\\Application->callControllerCallable(Array, Array)
#8 C:\\xampp\\htdocs\\lumen\\ddsbe2\\vendor\\laravel\\lumen-framework\\src\\Concerns\\RoutesRequests.php(316): Laravel\\Lumen\\Application->callLumenController(Object(App\\Http\\Controllers\\UserController), 'updateUser', Array)
#9 C:\\xampp\\htdocs\\lumen\\ddsbe2\\vendor\\laravel\\lumen-framework\\src\\Concerns\\RoutesRequests.php(278): Laravel\\Lumen\\Application->callControllerAction(Array)
#10 C:\\xampp\\htdocs\\lumen\\ddsbe2\\vendor\\laravel\\lumen-framework\\src\\Concerns\\RoutesRequests.php(263): Laravel\\Lumen\\Application->callActionOnArrayBasedRoute(Array)
#11 C:\\xampp\\htdocs\\lumen\\ddsbe2\\vendor\\laravel\\lumen-framework\\src\\Concerns\\RoutesRequests.php(233): Laravel\\Lumen\\Application->handleFoundRoute(Array)
#12 C:\\xampp\\htdocs\\lumen\\ddsbe2\\vendor\\laravel\\lumen-framework\\src\\Concerns\\RoutesRequests.php(169): Laravel\\Lumen\\Application->handleDispatcherResponse(Array)
#13 C:\\xampp\\htdocs\\lumen\\ddsbe2\\vendor\\laravel\\lumen-framework\\src\\Concerns\\RoutesRequests.php(416): Laravel\\Lumen\\Application->Laravel\\Lumen\\Concerns\\{closure}(Object(Laravel\\Lumen\\Http\\Request))
#14 C:\\xampp\\htdocs\\lumen\\ddsbe2\\vendor\\laravel\\lumen-framework\\src\\Concerns\\RoutesRequests.php(171): Laravel\\Lumen\\Application->sendThroughPipeline(Array, Object(Closure))
#15 C:\\xampp\\htdocs\\lumen\\ddsbe2\\vendor\\laravel\\lumen-framework\\src\\Concerns\\RoutesRequests.php(108): Laravel\\Lumen\\Application->dispatch(NULL)
#16 C:\\xampp\\htdocs\\lumen\\ddsbe2\\public\\index.php(28): Laravel\\Lumen\\Application->run()
#17 {main}
"} 
[2020-12-10 07:24:33] local.ERROR: ErrorException: Undefined variable: users in C:\xampp\htdocs\lumen\ddsbe2\app\Http\Controllers\UserController.php:86
Stack trace:
#0 C:\xampp\htdocs\lumen\ddsbe2\app\Http\Controllers\UserController.php(86): Laravel\Lumen\Application->Laravel\Lumen\Concerns\{closure}(8, 'Undefined varia...', 'C:\\xampp\\htdocs...', 86, Array)
#1 [internal function]: App\Http\Controllers\UserController->updateUser(Object(Laravel\Lumen\Http\Request), '5')
#2 C:\xampp\htdocs\lumen\ddsbe2\vendor\illuminate\container\BoundMethod.php(32): call_user_func_array(Array, Array)
#3 C:\xampp\htdocs\lumen\ddsbe2\vendor\illuminate\container\BoundMethod.php(90): Illuminate\Container\BoundMethod::Illuminate\Container\{closure}()
#4 C:\xampp\htdocs\lumen\ddsbe2\vendor\illuminate\container\BoundMethod.php(34): Illuminate\Container\BoundMethod::callBoundMethod(Object(Laravel\Lumen\Application), Array, Object(Closure))
#5 C:\xampp\htdocs\lumen\ddsbe2\vendor\illuminate\container\Container.php(576): Illuminate\Container\BoundMethod::call(Object(Laravel\Lumen\Application), Array, Array, NULL)
#6 C:\xampp\htdocs\lumen\ddsbe2\vendor\laravel\lumen-framework\src\Concerns\RoutesRequests.php(376): Illuminate\Container\Container->call(Array, Array)
#7 C:\xampp\htdocs\lumen\ddsbe2\vendor\laravel\lumen-framework\src\Concerns\RoutesRequests.php(342): Laravel\Lumen\Application->callControllerCallable(Array, Array)
#8 C:\xampp\htdocs\lumen\ddsbe2\vendor\laravel\lumen-framework\src\Concerns\RoutesRequests.php(316): Laravel\Lumen\Application->callLumenController(Object(App\Http\Controllers\UserController), 'updateUser', Array)
#9 C:\xampp\htdocs\lumen\ddsbe2\vendor\laravel\lumen-framework\src\Concerns\RoutesRequests.php(278): Laravel\Lumen\Application->callControllerAction(Array)
#10 C:\xampp\htdocs\lumen\ddsbe2\vendor\laravel\lumen-framework\src\Concerns\RoutesRequests.php(263): Laravel\Lumen\Application->callActionOnArrayBasedRoute(Array)
#11 C:\xampp\htdocs\lumen\ddsbe2\vendor\laravel\lumen-framework\src\Concerns\RoutesRequests.php(233): Laravel\Lumen\Application->handleFoundRoute(Array)
#12 C:\xampp\htdocs\lumen\ddsbe2\vendor\laravel\lumen-framework\src\Concerns\RoutesRequests.php(169): Laravel\Lumen\Application->handleDispatcherResponse(Array)
#13 C:\xampp\htdocs\lumen\ddsbe2\vendor\laravel\lumen-framework\src\Concerns\RoutesRequests.php(416): Laravel\Lumen\Application->Laravel\Lumen\Concerns\{closure}(Object(Laravel\Lumen\Http\Request))
#14 C:\xampp\htdocs\lumen\ddsbe2\vendor\laravel\lumen-framework\src\Concerns\RoutesRequests.php(171): Laravel\Lumen\Application->sendThroughPipeline(Array, Object(Closure))
#15 C:\xampp\htdocs\lumen\ddsbe2\vendor\laravel\lumen-framework\src\Concerns\RoutesRequests.php(108): Laravel\Lumen\Application->dispatch(NULL)
#16 C:\xampp\htdocs\lumen\ddsbe2\public\index.php(28): Laravel\Lumen\Application->run()
#17 {main} {"exception":"[object] (ErrorException(code: 0): Undefined variable: users at C:\\xampp\\htdocs\\lumen\\ddsbe2\\app\\Http\\Controllers\\UserController.php:86)
[stacktrace]
#0 C:\\xampp\\htdocs\\lumen\\ddsbe2\\app\\Http\\Controllers\\UserController.php(86): Laravel\\Lumen\\Application->Laravel\\Lumen\\Concerns\\{closure}(8, 'Undefined varia...', 'C:\\\\xampp\\\\htdocs...', 86, Array)
#1 [internal function]: App\\Http\\Controllers\\UserController->updateUser(Object(Laravel\\Lumen\\Http\\Request), '5')
#2 C:\\xampp\\htdocs\\lumen\\ddsbe2\\vendor\\illuminate\\container\\BoundMethod.php(32): call_user_func_array(Array, Array)
#3 C:\\xampp\\htdocs\\lumen\\ddsbe2\\vendor\\illuminate\\container\\BoundMethod.php(90): Illuminate\\Container\\BoundMethod::Illuminate\\Container\\{closure}()
#4 C:\\xampp\\htdocs\\lumen\\ddsbe2\\vendor\\illuminate\\container\\BoundMethod.php(34): Illuminate\\Container\\BoundMethod::callBoundMethod(Object(Laravel\\Lumen\\Application), Array, Object(Closure))
#5 C:\\xampp\\htdocs\\lumen\\ddsbe2\\vendor\\illuminate\\container\\Container.php(576): Illuminate\\Container\\BoundMethod::call(Object(Laravel\\Lumen\\Application), Array, Array, NULL)
#6 C:\\xampp\\htdocs\\lumen\\ddsbe2\\vendor\\laravel\\lumen-framework\\src\\Concerns\\RoutesRequests.php(376): Illuminate\\Container\\Container->call(Array, Array)
#7 C:\\xampp\\htdocs\\lumen\\ddsbe2\\vendor\\laravel\\lumen-framework\\src\\Concerns\\RoutesRequests.php(342): Laravel\\Lumen\\Application->callControllerCallable(Array, Array)
#8 C:\\xampp\\htdocs\\lumen\\ddsbe2\\vendor\\laravel\\lumen-framework\\src\\Concerns\\RoutesRequests.php(316): Laravel\\Lumen\\Application->callLumenController(Object(App\\Http\\Controllers\\UserController), 'updateUser', Array)
#9 C:\\xampp\\htdocs\\lumen\\ddsbe2\\vendor\\laravel\\lumen-framework\\src\\Concerns\\RoutesRequests.php(278): Laravel\\Lumen\\Application->callControllerAction(Array)
#10 C:\\xampp\\htdocs\\lumen\\ddsbe2\\vendor\\laravel\\lumen-framework\\src\\Concerns\\RoutesRequests.php(263): Laravel\\Lumen\\Application->callActionOnArrayBasedRoute(Array)
#11 C:\\xampp\\htdocs\\lumen\\ddsbe2\\vendor\\laravel\\lumen-framework\\src\\Concerns\\RoutesRequests.php(233): Laravel\\Lumen\\Application->handleFoundRoute(Array)
#12 C:\\xampp\\htdocs\\lumen\\ddsbe2\\vendor\\laravel\\lumen-framework\\src\\Concerns\\RoutesRequests.php(169): Laravel\\Lumen\\Application->handleDispatcherResponse(Array)
#13 C:\\xampp\\htdocs\\lumen\\ddsbe2\\vendor\\laravel\\lumen-framework\\src\\Concerns\\RoutesRequests.php(416): Laravel\\Lumen\\Application->Laravel\\Lumen\\Concerns\\{closure}(Object(Laravel\\Lumen\\Http\\Request))
#14 C:\\xampp\\htdocs\\lumen\\ddsbe2\\vendor\\laravel\\lumen-framework\\src\\Concerns\\RoutesRequests.php(171): Laravel\\Lumen\\Application->sendThroughPipeline(Array, Object(Closure))
#15 C:\\xampp\\htdocs\\lumen\\ddsbe2\\vendor\\laravel\\lumen-framework\\src\\Concerns\\RoutesRequests.php(108): Laravel\\Lumen\\Application->dispatch(NULL)
#16 C:\\xampp\\htdocs\\lumen\\ddsbe2\\public\\index.php(28): Laravel\\Lumen\\Application->run()
#17 {main}
"} 
[2020-12-10 15:49:47] local.ERROR: Symfony\Component\Debug\Exception\FatalThrowableError: Class 'App\Exceptions\Response' not found in C:\xampp\htdocs\lumen\ddsbe2\app\Exceptions\Handler.php:50
Stack trace:
#0 C:\xampp\htdocs\lumen\ddsbe2\vendor\laravel\lumen-framework\src\Routing\Pipeline.php(78): App\Exceptions\Handler->render(Object(Laravel\Lumen\Http\Request), Object(Symfony\Component\HttpKernel\Exception\HttpException))
#1 C:\xampp\htdocs\lumen\ddsbe2\vendor\laravel\lumen-framework\src\Routing\Pipeline.php(34): Laravel\Lumen\Routing\Pipeline->handleException(Object(Laravel\Lumen\Http\Request), Object(Symfony\Component\HttpKernel\Exception\HttpException))
#2 C:\xampp\htdocs\lumen\ddsbe2\vendor\illuminate\pipeline\Pipeline.php(104): Laravel\Lumen\Routing\Pipeline->Laravel\Lumen\Routing\{closure}(Object(Laravel\Lumen\Http\Request))
#3 C:\xampp\htdocs\lumen\ddsbe2\vendor\laravel\lumen-framework\src\Concerns\RoutesRequests.php(413): Illuminate\Pipeline\Pipeline->then(Object(Closure))
#4 C:\xampp\htdocs\lumen\ddsbe2\vendor\laravel\lumen-framework\src\Concerns\RoutesRequests.php(171): Laravel\Lumen\Application->sendThroughPipeline(Array, Object(Closure))
#5 C:\xampp\htdocs\lumen\ddsbe2\vendor\laravel\lumen-framework\src\Concerns\RoutesRequests.php(108): Laravel\Lumen\Application->dispatch(NULL)
#6 C:\xampp\htdocs\lumen\ddsbe2\public\index.php(28): Laravel\Lumen\Application->run()
#7 {main} {"exception":"[object] (Symfony\\Component\\Debug\\Exception\\FatalThrowableError(code: 0): Class 'App\\Exceptions\\Response' not found at C:\\xampp\\htdocs\\lumen\\ddsbe2\\app\\Exceptions\\Handler.php:50)
[stacktrace]
#0 C:\\xampp\\htdocs\\lumen\\ddsbe2\\vendor\\laravel\\lumen-framework\\src\\Routing\\Pipeline.php(78): App\\Exceptions\\Handler->render(Object(Laravel\\Lumen\\Http\\Request), Object(Symfony\\Component\\HttpKernel\\Exception\\HttpException))
#1 C:\\xampp\\htdocs\\lumen\\ddsbe2\\vendor\\laravel\\lumen-framework\\src\\Routing\\Pipeline.php(34): Laravel\\Lumen\\Routing\\Pipeline->handleException(Object(Laravel\\Lumen\\Http\\Request), Object(Symfony\\Component\\HttpKernel\\Exception\\HttpException))
#2 C:\\xampp\\htdocs\\lumen\\ddsbe2\\vendor\\illuminate\\pipeline\\Pipeline.php(104): Laravel\\Lumen\\Routing\\Pipeline->Laravel\\Lumen\\Routing\\{closure}(Object(Laravel\\Lumen\\Http\\Request))
#3 C:\\xampp\\htdocs\\lumen\\ddsbe2\\vendor\\laravel\\lumen-framework\\src\\Concerns\\RoutesRequests.php(413): Illuminate\\Pipeline\\Pipeline->then(Object(Closure))
#4 C:\\xampp\\htdocs\\lumen\\ddsbe2\\vendor\\laravel\\lumen-framework\\src\\Concerns\\RoutesRequests.php(171): Laravel\\Lumen\\Application->sendThroughPipeline(Array, Object(Closure))
#5 C:\\xampp\\htdocs\\lumen\\ddsbe2\\vendor\\laravel\\lumen-framework\\src\\Concerns\\RoutesRequests.php(108): Laravel\\Lumen\\Application->dispatch(NULL)
#6 C:\\xampp\\htdocs\\lumen\\ddsbe2\\public\\index.php(28): Laravel\\Lumen\\Application->run()
#7 {main}
"} 
